{"uuid":"02fde6ee-78e5-4fe5-8394-785dea1505a5","historyId":"e6ba64868819f6da3aa7e64997649e1e","testCaseId":"fe05c48a7b2788c52da8d1d608c4b967","fullName":"src/test/java/resources/features/ErrorValidation.feature:6","labels":[{"name":"tag","value":"SmokeTest"},{"name":"tag","value":"ErrorValidation"},{"name":"host","value":"TRD-LAP-80"},{"name":"thread","value":"26392@TRD-LAP-80.main(1)"},{"name":"feature","value":"Error Validation"},{"name":"story","value":"Error Validation"},{"name":"suite","value":"Error Validation"},{"name":"testClass","value":"Error Validation"},{"name":"framework","value":"cucumber4jvm"},{"name":"language","value":"java"},{"name":"gherkin_uri","value":"file:///D:/Java_projects/SeleniumWebAutomation/src/test/java/resources/features/ErrorValidation.feature"},{"name":"package","value":"src.test.java.resources.features.ErrorValidation_feature.Error Validation"}],"links":[],"name":"Error Validation","status":"broken","statusDetails":{"known":false,"muted":false,"flaky":false,"message":"Cannot invoke \"java.util.List.get(int)\" because \"com.sam.selenium.CommonMethods.CommonMethod.testData\" is null","trace":"java.lang.NullPointerException: Cannot invoke \"java.util.List.get(int)\" because \"com.sam.selenium.CommonMethods.CommonMethod.testData\" is null\r\n\tat com.sam.selenium.stepDefinations.StepDefinitionsImpl.Logged_in_with_username_and_password(StepDefinitionsImpl.java:55)\r\n\tat ✽.Logged in with username \"email\" and password \"Password\"(file:///D:/Java_projects/SeleniumWebAutomation/src/test/java/resources/features/ErrorValidation.feature:8)\r\n"},"stage":"finished","description":"  I want to use this template for my feature file","steps":[{"name":"Given I landed on Ecommerce Page","status":"passed","statusDetails":{"known":false,"muted":false,"flaky":false},"stage":"finished","steps":[],"attachments":[],"parameters":[],"start":1725363068758,"stop":1725363070982},{"name":"When Logged in with username \"email\" and password \"Password\"","status":"broken","statusDetails":{"known":false,"muted":false,"flaky":false,"message":"Cannot invoke \"java.util.List.get(int)\" because \"com.sam.selenium.CommonMethods.CommonMethod.testData\" is null","trace":"java.lang.NullPointerException: Cannot invoke \"java.util.List.get(int)\" because \"com.sam.selenium.CommonMethods.CommonMethod.testData\" is null\r\n\tat com.sam.selenium.stepDefinations.StepDefinitionsImpl.Logged_in_with_username_and_password(StepDefinitionsImpl.java:55)\r\n\tat ✽.Logged in with username \"email\" and password \"Password\"(file:///D:/Java_projects/SeleniumWebAutomation/src/test/java/resources/features/ErrorValidation.feature:8)\r\n"},"stage":"finished","steps":[],"attachments":[],"parameters":[],"start":1725363070983,"stop":1725363070994},{"name":"Then <errorMessage> message is displayed","status":"skipped","statusDetails":{"known":false,"muted":false,"flaky":false},"stage":"finished","steps":[],"attachments":[],"parameters":[],"start":1725363070995,"stop":1725363070996}],"attachments":[],"parameters":[],"start":1725363062830,"stop":1725363074835}