{"uuid":"116bf7b8-15fa-4170-9382-91da5f8e1981","historyId":"7748e01b36262942b9f02c48c4547f1f","testCaseId":"fe05c48a7b2788c52da8d1d608c4b967","fullName":"src/test/java/resources/features/ErrorValidation.feature:13","labels":[{"name":"tag","value":"SmokeTest"},{"name":"tag","value":"ErrorValidation"},{"name":"host","value":"TRD-LAP-231"},{"name":"thread","value":"23876@TRD-LAP-231.main(1)"},{"name":"feature","value":"Error Validation"},{"name":"story","value":"Error Validation"},{"name":"suite","value":"Error Validation"},{"name":"testClass","value":"Error Validation"},{"name":"framework","value":"cucumber4jvm"},{"name":"language","value":"java"},{"name":"gherkin_uri","value":"file:///D:/Automation%20Project%20POC/SeleniumJavaPOC/src/test/java/resources/features/ErrorValidation.feature"},{"name":"package","value":"src.test.java.resources.features.ErrorValidation_feature.Error Validation"}],"links":[],"name":"Error Validation","status":"failed","statusDetails":{"known":false,"muted":false,"flaky":false,"message":"expected [Incorrect email or password.] but found [Incorrect email password.]","trace":"java.lang.AssertionError: expected [Incorrect email or password.] but found [Incorrect email password.]\r\n\tat org.testng.Assert.fail(Assert.java:111)\r\n\tat org.testng.Assert.failNotEquals(Assert.java:1578)\r\n\tat org.testng.Assert.assertEqualsImpl(Assert.java:150)\r\n\tat org.testng.Assert.assertEquals(Assert.java:132)\r\n\tat org.testng.Assert.assertEquals(Assert.java:656)\r\n\tat org.testng.Assert.assertEquals(Assert.java:666)\r\n\tat com.sam.selenium.stepDefinations.StepDefinitionsImpl.message_is_displayed(StepDefinitionsImpl.java:86)\r\n\tat ✽.errorMessage_3 message is displayed(file:///D:/Automation%20Project%20POC/SeleniumJavaPOC/src/test/java/resources/features/ErrorValidation.feature:9)\r\n"},"stage":"finished","description":"  I want to use this template for my feature file","steps":[{"name":"Given I landed on Ecommerce Page","status":"passed","statusDetails":{"known":false,"muted":false,"flaky":false},"stage":"finished","steps":[],"attachments":[],"parameters":[],"start":1734502710060,"stop":1734502710793},{"name":"When Logged in with username email_3 and password password_3","status":"passed","statusDetails":{"known":false,"muted":false,"flaky":false},"stage":"finished","steps":[],"attachments":[],"parameters":[],"start":1734502710793,"stop":1734502711204},{"name":"Then errorMessage_3 message is displayed","status":"failed","statusDetails":{"known":false,"muted":false,"flaky":false,"message":"expected [Incorrect email or password.] but found [Incorrect email password.]","trace":"java.lang.AssertionError: expected [Incorrect email or password.] but found [Incorrect email password.]\r\n\tat org.testng.Assert.fail(Assert.java:111)\r\n\tat org.testng.Assert.failNotEquals(Assert.java:1578)\r\n\tat org.testng.Assert.assertEqualsImpl(Assert.java:150)\r\n\tat org.testng.Assert.assertEquals(Assert.java:132)\r\n\tat org.testng.Assert.assertEquals(Assert.java:656)\r\n\tat org.testng.Assert.assertEquals(Assert.java:666)\r\n\tat com.sam.selenium.stepDefinations.StepDefinitionsImpl.message_is_displayed(StepDefinitionsImpl.java:86)\r\n\tat ✽.errorMessage_3 message is displayed(file:///D:/Automation%20Project%20POC/SeleniumJavaPOC/src/test/java/resources/features/ErrorValidation.feature:9)\r\n"},"stage":"finished","steps":[],"attachments":[],"parameters":[],"start":1734502711204,"stop":1734502711773}],"attachments":[],"parameters":[{"name":"name","value":"email_3"},{"name":"password","value":"password_3"},{"name":"errorMessage","value":"errorMessage_3"}],"start":1734502708377,"stop":1734502712157}