{"uuid":"22ca1a16-0add-4506-8c81-88f194abfd03","historyId":"9ada76bc15a47569b068cb770b811d8e","testCaseId":"80171f65f29530ac499d57b63a39c1a4","fullName":"src/test/java/cucumber/ErrorValidation.feature:13","labels":[{"name":"tag","value":"SmokeTest"},{"name":"tag","value":"ErrorValidation"},{"name":"host","value":"TRD-LAP-007"},{"name":"thread","value":"19616@TRD-LAP-007.main(1)"},{"name":"feature","value":"Error Validation"},{"name":"story","value":"Error Validation"},{"name":"suite","value":"Error Validation"},{"name":"testClass","value":"Error Validation"},{"name":"framework","value":"cucumber4jvm"},{"name":"language","value":"java"},{"name":"gherkin_uri","value":"file:///D:/AutomationLearn/TestNG/src/test/java/cucumber/ErrorValidation.feature"},{"name":"package","value":"src.test.java.cucumber.ErrorValidation_feature.Error Validation"}],"links":[],"name":"Error Validation","status":"failed","statusDetails":{"known":false,"muted":false,"flaky":false,"message":"expected [Incorrect email or password.] but found [Incorrect email password.]","trace":"java.lang.AssertionError: expected [Incorrect email or password.] but found [Incorrect email password.]\r\n\tat org.testng.Assert.fail(Assert.java:111)\r\n\tat org.testng.Assert.failNotEquals(Assert.java:1578)\r\n\tat org.testng.Assert.assertEqualsImpl(Assert.java:150)\r\n\tat org.testng.Assert.assertEquals(Assert.java:132)\r\n\tat org.testng.Assert.assertEquals(Assert.java:656)\r\n\tat org.testng.Assert.assertEquals(Assert.java:666)\r\n\tat stepDefinations.StepDefinitionImpl.message_is_displayed(StepDefinitionImpl.java:56)\r\n\tat ✽.\"Incorrect email password.\" message is displayed(file:///D:/AutomationLearn/TestNG/src/test/java/cucumber/ErrorValidation.feature:9)\r\n"},"stage":"finished","description":"  I want to use this template for my feature file","steps":[{"name":"Given I landed on Ecommerce Page","status":"passed","statusDetails":{"known":false,"muted":false,"flaky":false},"stage":"finished","steps":[],"attachments":[],"parameters":[],"start":1722940193064,"stop":1722940198960},{"name":"When Logged in with username tadmin12@admin.com and password Admin@12a","status":"passed","statusDetails":{"known":false,"muted":false,"flaky":false},"stage":"finished","steps":[],"attachments":[],"parameters":[],"start":1722940198963,"stop":1722940199781},{"name":"Then \"Incorrect email password.\" message is displayed","status":"failed","statusDetails":{"known":false,"muted":false,"flaky":false,"message":"expected [Incorrect email or password.] but found [Incorrect email password.]","trace":"java.lang.AssertionError: expected [Incorrect email or password.] but found [Incorrect email password.]\r\n\tat org.testng.Assert.fail(Assert.java:111)\r\n\tat org.testng.Assert.failNotEquals(Assert.java:1578)\r\n\tat org.testng.Assert.assertEqualsImpl(Assert.java:150)\r\n\tat org.testng.Assert.assertEquals(Assert.java:132)\r\n\tat org.testng.Assert.assertEquals(Assert.java:656)\r\n\tat org.testng.Assert.assertEquals(Assert.java:666)\r\n\tat stepDefinations.StepDefinitionImpl.message_is_displayed(StepDefinitionImpl.java:56)\r\n\tat ✽.\"Incorrect email password.\" message is displayed(file:///D:/AutomationLearn/TestNG/src/test/java/cucumber/ErrorValidation.feature:9)\r\n"},"stage":"finished","steps":[],"attachments":[],"parameters":[],"start":1722940199781,"stop":1722940200030}],"attachments":[],"parameters":[{"name":"name","value":"tadmin12@admin.com"},{"name":"password","value":"Admin@12a"}],"start":1722940193063,"stop":1722940200662}