{"uuid":"2d0ed869-d29a-4a6b-97a3-f4776208cb14","historyId":"7748e01b36262942b9f02c48c4547f1f","testCaseId":"fe05c48a7b2788c52da8d1d608c4b967","fullName":"src/test/java/resources/features/ErrorValidation.feature:13","labels":[{"name":"tag","value":"SmokeTest"},{"name":"tag","value":"ErrorValidation"},{"name":"host","value":"TRD-LAP-80"},{"name":"thread","value":"12592@TRD-LAP-80.main(1)"},{"name":"feature","value":"Error Validation"},{"name":"story","value":"Error Validation"},{"name":"suite","value":"Error Validation"},{"name":"testClass","value":"Error Validation"},{"name":"framework","value":"cucumber4jvm"},{"name":"language","value":"java"},{"name":"gherkin_uri","value":"file:///D:/Java_projects/SeleniumWebAutomation/src/test/java/resources/features/ErrorValidation.feature"},{"name":"package","value":"src.test.java.resources.features.ErrorValidation_feature.Error Validation"}],"links":[],"name":"Error Validation","status":"failed","statusDetails":{"known":false,"muted":false,"flaky":false,"message":"expected [Incorrect email or password.] but found [Incorrect email password.]","trace":"java.lang.AssertionError: expected [Incorrect email or password.] but found [Incorrect email password.]\r\n\tat org.testng.Assert.fail(Assert.java:111)\r\n\tat org.testng.Assert.failNotEquals(Assert.java:1578)\r\n\tat org.testng.Assert.assertEqualsImpl(Assert.java:150)\r\n\tat org.testng.Assert.assertEquals(Assert.java:132)\r\n\tat org.testng.Assert.assertEquals(Assert.java:656)\r\n\tat org.testng.Assert.assertEquals(Assert.java:666)\r\n\tat com.sam.selenium.stepDefinations.StepDefinitionsImpl.message_is_displayed(StepDefinitionsImpl.java:95)\r\n\tat ✽.errorMessage_3 message is displayed(file:///D:/Java_projects/SeleniumWebAutomation/src/test/java/resources/features/ErrorValidation.feature:9)\r\n"},"stage":"finished","description":"  I want to use this template for my feature file","steps":[{"name":"Given I landed on Ecommerce Page","status":"passed","statusDetails":{"known":false,"muted":false,"flaky":false},"stage":"finished","steps":[],"attachments":[],"parameters":[],"start":1725453697805,"stop":1725453700297},{"name":"When Logged in with username email_3 and password password_3","status":"passed","statusDetails":{"known":false,"muted":false,"flaky":false},"stage":"finished","steps":[],"attachments":[],"parameters":[],"start":1725453700298,"stop":1725453701314},{"name":"Then errorMessage_3 message is displayed","status":"failed","statusDetails":{"known":false,"muted":false,"flaky":false,"message":"expected [Incorrect email or password.] but found [Incorrect email password.]","trace":"java.lang.AssertionError: expected [Incorrect email or password.] but found [Incorrect email password.]\r\n\tat org.testng.Assert.fail(Assert.java:111)\r\n\tat org.testng.Assert.failNotEquals(Assert.java:1578)\r\n\tat org.testng.Assert.assertEqualsImpl(Assert.java:150)\r\n\tat org.testng.Assert.assertEquals(Assert.java:132)\r\n\tat org.testng.Assert.assertEquals(Assert.java:656)\r\n\tat org.testng.Assert.assertEquals(Assert.java:666)\r\n\tat com.sam.selenium.stepDefinations.StepDefinitionsImpl.message_is_displayed(StepDefinitionsImpl.java:95)\r\n\tat ✽.errorMessage_3 message is displayed(file:///D:/Java_projects/SeleniumWebAutomation/src/test/java/resources/features/ErrorValidation.feature:9)\r\n"},"stage":"finished","steps":[],"attachments":[],"parameters":[],"start":1725453701315,"stop":1725453701599}],"attachments":[],"parameters":[{"name":"name","value":"email_3"},{"name":"password","value":"password_3"},{"name":"errorMessage","value":"errorMessage_3"}],"start":1725453686711,"stop":1725453705172}