{"uuid":"4bf80b6c-9592-4853-a580-4384eb36139b","historyId":"9ada76bc15a47569b068cb770b811d8e","testCaseId":"80171f65f29530ac499d57b63a39c1a4","fullName":"src/test/java/cucumber/ErrorValidation.feature:13","labels":[{"name":"tag","value":"SmokeTest"},{"name":"tag","value":"ErrorValidation"},{"name":"host","value":"TRD-LAP-007"},{"name":"thread","value":"25076@TRD-LAP-007.main(1)"},{"name":"feature","value":"Error Validation"},{"name":"story","value":"Error Validation"},{"name":"suite","value":"Error Validation"},{"name":"testClass","value":"Error Validation"},{"name":"framework","value":"cucumber4jvm"},{"name":"language","value":"java"},{"name":"gherkin_uri","value":"file:///D:/AutomationLearn/TestNG/src/test/java/cucumber/ErrorValidation.feature"},{"name":"package","value":"src.test.java.cucumber.ErrorValidation_feature.Error Validation"}],"links":[],"name":"Error Validation","status":"failed","statusDetails":{"known":false,"muted":false,"flaky":false,"message":"expected [Incorrect email or password.] but found [\"Incorrect email password.\"]","trace":"java.lang.AssertionError: expected [Incorrect email or password.] but found [\"Incorrect email password.\"]\r\n\tat org.testng.Assert.fail(Assert.java:111)\r\n\tat org.testng.Assert.failNotEquals(Assert.java:1578)\r\n\tat org.testng.Assert.assertEqualsImpl(Assert.java:150)\r\n\tat org.testng.Assert.assertEquals(Assert.java:132)\r\n\tat org.testng.Assert.assertEquals(Assert.java:656)\r\n\tat org.testng.Assert.assertEquals(Assert.java:666)\r\n\tat com.sam.selenium.stepDefinations.StepDefinitionsImpl.message_is_displayed(StepDefinitionsImpl.java:68)\r\n\tat ✽.errorMessage_3 message is displayed(file:///D:/AutomationLearn/TestNG/src/test/java/cucumber/ErrorValidation.feature:9)\r\n"},"stage":"finished","description":"  I want to use this template for my feature file","steps":[{"name":"Given I landed on Ecommerce Page","status":"passed","statusDetails":{"known":false,"muted":false,"flaky":false},"stage":"finished","steps":[],"attachments":[],"parameters":[],"start":1723547884558,"stop":1723547891038},{"name":"When Logged in with username email_3 and password password_3","status":"passed","statusDetails":{"known":false,"muted":false,"flaky":false},"stage":"finished","steps":[],"attachments":[],"parameters":[],"start":1723547891039,"stop":1723547892065},{"name":"Then errorMessage_3 message is displayed","status":"failed","statusDetails":{"known":false,"muted":false,"flaky":false,"message":"expected [Incorrect email or password.] but found [\"Incorrect email password.\"]","trace":"java.lang.AssertionError: expected [Incorrect email or password.] but found [\"Incorrect email password.\"]\r\n\tat org.testng.Assert.fail(Assert.java:111)\r\n\tat org.testng.Assert.failNotEquals(Assert.java:1578)\r\n\tat org.testng.Assert.assertEqualsImpl(Assert.java:150)\r\n\tat org.testng.Assert.assertEquals(Assert.java:132)\r\n\tat org.testng.Assert.assertEquals(Assert.java:656)\r\n\tat org.testng.Assert.assertEquals(Assert.java:666)\r\n\tat com.sam.selenium.stepDefinations.StepDefinitionsImpl.message_is_displayed(StepDefinitionsImpl.java:68)\r\n\tat ✽.errorMessage_3 message is displayed(file:///D:/AutomationLearn/TestNG/src/test/java/cucumber/ErrorValidation.feature:9)\r\n"},"stage":"finished","steps":[],"attachments":[],"parameters":[],"start":1723547892065,"stop":1723547892341}],"attachments":[],"parameters":[{"name":"name","value":"email_3"},{"name":"password","value":"password_3"},{"name":"errorMessage","value":"errorMessage_3"}],"start":1723547884558,"stop":1723547892346}