{"uuid":"683dc14e-8c0d-4822-b701-ab2d038fe2e1","historyId":"6f9351439536287870e82836bd23261d","fullName":"com.sam.selenium.tests.SubmitOrderTest.submitOrder","labels":[{"name":"package","value":"com.sam.selenium.tests.SubmitOrderTest"},{"name":"testClass","value":"com.sam.selenium.tests.SubmitOrderTest"},{"name":"testMethod","value":"submitOrder"},{"name":"parentSuite","value":"All Test Suite"},{"name":"suite","value":"Submit Order Test"},{"name":"subSuite","value":"com.sam.selenium.tests.SubmitOrderTest"},{"name":"host","value":"TRD-LAP-007"},{"name":"thread","value":"8752@TRD-LAP-007.main(1)"},{"name":"framework","value":"testng"},{"name":"language","value":"java"}],"links":[],"name":"submitOrder","status":"broken","statusDetails":{"known":false,"muted":false,"flaky":false,"message":"java.nio.file.NoSuchFileException: D:\\AutomationLearn\\TestNG\\src\\test\\java\\Data\\PurchaseOrder.json","trace":"java.lang.RuntimeException: java.nio.file.NoSuchFileException: D:\\AutomationLearn\\TestNG\\src\\test\\java\\Data\\PurchaseOrder.json\r\n\tat org.testng.internal.invokers.MethodInvocationHelper.invokeMethodNoCheckedException(MethodInvocationHelper.java:58)\r\n\tat org.testng.internal.invokers.MethodInvocationHelper.invokeDataProvider(MethodInvocationHelper.java:159)\r\n\tat org.testng.internal.Parameters.handleParameters(Parameters.java:809)\r\n\tat org.testng.internal.Parameters.handleParameters(Parameters.java:734)\r\n\tat org.testng.internal.invokers.ParameterHandler.handleParameters(ParameterHandler.java:72)\r\n\tat org.testng.internal.invokers.ParameterHandler.createParameters(ParameterHandler.java:51)\r\n\tat org.testng.internal.invokers.TestInvoker$MethodInvocationAgent.invoke(TestInvoker.java:946)\r\n\tat org.testng.internal.invokers.TestInvoker.invokeTestMethods(TestInvoker.java:203)\r\n\tat org.testng.internal.invokers.TestMethodWorker.invokeTestMethods(TestMethodWorker.java:154)\r\n\tat org.testng.internal.invokers.TestMethodWorker.run(TestMethodWorker.java:134)\r\n\tat java.base/java.util.ArrayList.forEach(ArrayList.java:1596)\r\n\tat org.testng.TestRunner.privateRun(TestRunner.java:739)\r\n\tat org.testng.TestRunner.run(TestRunner.java:614)\r\n\tat org.testng.SuiteRunner.runTest(SuiteRunner.java:421)\r\n\tat org.testng.SuiteRunner.runSequentially(SuiteRunner.java:413)\r\n\tat org.testng.SuiteRunner.privateRun(SuiteRunner.java:373)\r\n\tat org.testng.SuiteRunner.run(SuiteRunner.java:312)\r\n\tat org.testng.SuiteRunnerWorker.runSuite(SuiteRunnerWorker.java:52)\r\n\tat org.testng.SuiteRunnerWorker.run(SuiteRunnerWorker.java:95)\r\n\tat org.testng.TestNG.runSuitesSequentially(TestNG.java:1274)\r\n\tat org.testng.TestNG.runSuitesLocally(TestNG.java:1208)\r\n\tat org.testng.TestNG.runSuites(TestNG.java:1112)\r\n\tat org.testng.TestNG.run(TestNG.java:1079)\r\n\tat com.intellij.rt.testng.IDEARemoteTestNG.run(IDEARemoteTestNG.java:65)\r\n\tat com.intellij.rt.testng.RemoteTestNGStarter.main(RemoteTestNGStarter.java:105)\r\nCaused by: java.nio.file.NoSuchFileException: D:\\AutomationLearn\\TestNG\\src\\test\\java\\Data\\PurchaseOrder.json\r\n\tat java.base/sun.nio.fs.WindowsException.translateToIOException(WindowsException.java:85)\r\n\tat java.base/sun.nio.fs.WindowsException.rethrowAsIOException(WindowsException.java:103)\r\n\tat java.base/sun.nio.fs.WindowsException.rethrowAsIOException(WindowsException.java:108)\r\n\tat java.base/sun.nio.fs.WindowsFileSystemProvider.newByteChannel(WindowsFileSystemProvider.java:234)\r\n\tat java.base/java.nio.file.Files.newByteChannel(Files.java:379)\r\n\tat java.base/java.nio.file.Files.newByteChannel(Files.java:431)\r\n\tat java.base/java.nio.file.spi.FileSystemProvider.newInputStream(FileSystemProvider.java:420)\r\n\tat java.base/java.nio.file.Files.newInputStream(Files.java:159)\r\n\tat org.apache.commons.io.FileUtils.lambda$readFileToString$12(FileUtils.java:2686)\r\n\tat org.apache.commons.io.IOUtils.toString(IOUtils.java:3221)\r\n\tat org.apache.commons.io.IOUtils.toString(IOUtils.java:3196)\r\n\tat org.apache.commons.io.FileUtils.readFileToString(FileUtils.java:2686)\r\n\tat com.sam.selenium.base.BaseTest.getJsonDataToMap(BaseTest.java:72)\r\n\tat com.sam.selenium.tests.SubmitOrderTest.getData(SubmitOrderTest.java:44)\r\n\tat java.base/jdk.internal.reflect.DirectMethodHandleAccessor.invoke(DirectMethodHandleAccessor.java:103)\r\n\tat java.base/java.lang.reflect.Method.invoke(Method.java:580)\r\n\tat org.testng.internal.invokers.MethodInvocationHelper.invokeMethod(MethodInvocationHelper.java:141)\r\n\tat org.testng.internal.invokers.MethodInvocationHelper.invokeMethod(MethodInvocationHelper.java:86)\r\n\tat org.testng.internal.invokers.MethodInvocationHelper.invokeMethodNoCheckedException(MethodInvocationHelper.java:54)\r\n\t... 24 more\r\n"},"stage":"finished","steps":[],"attachments":[],"parameters":[],"start":1724223041216,"stop":1724223041223}