{"uuid":"768f1ea9-dfe1-493f-b619-5d2ecb448145","historyId":"7748e01b36262942b9f02c48c4547f1f","testCaseId":"fe05c48a7b2788c52da8d1d608c4b967","fullName":"src/test/java/resources/features/ErrorValidation.feature:13","labels":[{"name":"tag","value":"SmokeTest"},{"name":"tag","value":"ErrorValidation"},{"name":"host","value":"TRD-LAP-80"},{"name":"thread","value":"4180@TRD-LAP-80.main(1)"},{"name":"feature","value":"Error Validation"},{"name":"story","value":"Error Validation"},{"name":"suite","value":"Error Validation"},{"name":"testClass","value":"Error Validation"},{"name":"framework","value":"cucumber4jvm"},{"name":"language","value":"java"},{"name":"gherkin_uri","value":"file:///D:/Java_projects/SeleniumWebAutomation/src/test/java/resources/features/ErrorValidation.feature"},{"name":"package","value":"src.test.java.resources.features.ErrorValidation_feature.Error Validation"}],"links":[],"name":"Error Validation","status":"broken","statusDetails":{"known":false,"muted":false,"flaky":false,"message":"Cannot invoke \"java.util.List.get(int)\" because \"com.sam.selenium.CommonMethods.CommonMethod.testData\" is null","trace":"java.lang.NullPointerException: Cannot invoke \"java.util.List.get(int)\" because \"com.sam.selenium.CommonMethods.CommonMethod.testData\" is null\r\n\tat com.sam.selenium.stepDefinations.StepDefinitionsImpl.Logged_in_with_username_and_password(StepDefinitionsImpl.java:55)\r\n\tat ✽.Logged in with username \"email\" and password \"Password\"(file:///D:/Java_projects/SeleniumWebAutomation/src/test/java/resources/features/ErrorValidation.feature:8)\r\n"},"stage":"finished","description":"  I want to use this template for my feature file","steps":[{"name":"Given I landed on Ecommerce Page","status":"passed","statusDetails":{"known":false,"muted":false,"flaky":false},"stage":"finished","steps":[],"attachments":[],"parameters":[],"start":1725363014988,"stop":1725363016804},{"name":"When Logged in with username \"email\" and password \"Password\"","status":"broken","statusDetails":{"known":false,"muted":false,"flaky":false,"message":"Cannot invoke \"java.util.List.get(int)\" because \"com.sam.selenium.CommonMethods.CommonMethod.testData\" is null","trace":"java.lang.NullPointerException: Cannot invoke \"java.util.List.get(int)\" because \"com.sam.selenium.CommonMethods.CommonMethod.testData\" is null\r\n\tat com.sam.selenium.stepDefinations.StepDefinitionsImpl.Logged_in_with_username_and_password(StepDefinitionsImpl.java:55)\r\n\tat ✽.Logged in with username \"email\" and password \"Password\"(file:///D:/Java_projects/SeleniumWebAutomation/src/test/java/resources/features/ErrorValidation.feature:8)\r\n"},"stage":"finished","steps":[],"attachments":[],"parameters":[],"start":1725363016805,"stop":1725363016820},{"name":"Then errorMessage_3 message is displayed","status":"skipped","statusDetails":{"known":false,"muted":false,"flaky":false},"stage":"finished","steps":[],"attachments":[],"parameters":[],"start":1725363016822,"stop":1725363016823}],"attachments":[],"parameters":[{"name":"name","value":"email_3"},{"name":"password","value":"password_3"},{"name":"errorMessage","value":"errorMessage_3"}],"start":1725363006727,"stop":1725363020293}