{"uuid":"7adc00b9-70d4-40d6-bdd4-59bc30435f96","historyId":"d23c890fe3b6a6b3786debbdddb9010e","testCaseId":"826ee5f3f816350a51a11e62af327e3b","fullName":"src/test/java/cucumber/SubmitOrder.feature:18","labels":[{"name":"tag","value":"RegressionTest"},{"name":"tag","value":"Regression"},{"name":"host","value":"TRD-LAP-007"},{"name":"thread","value":"7684@TRD-LAP-007.main(1)"},{"name":"feature","value":"Purchase the order from Ecommerce Website"},{"name":"story","value":"Positive Test of Submitting the order"},{"name":"suite","value":"Purchase the order from Ecommerce Website"},{"name":"testClass","value":"Positive Test of Submitting the order"},{"name":"framework","value":"cucumber4jvm"},{"name":"language","value":"java"},{"name":"gherkin_uri","value":"file:///D:/AutomationLearn/TestNG/src/test/java/cucumber/SubmitOrder.feature"},{"name":"package","value":"src.test.java.cucumber.SubmitOrder_feature.Purchase the order from Ecommerce Website"}],"links":[],"name":"Positive Test of Submitting the order","status":"broken","statusDetails":{"known":false,"muted":false,"flaky":false,"message":"java.lang.NumberFormatException: For input string: \"<HTML><HEAD>\n<meta http-equiv=pragma content=nocache>\n<META HTTP-EQUIV=Expires CONTENT=-1>\n<SCRIPT>\nvar url = new DOMParser()\"","trace":"io.github.bonigarcia.wdm.config.WebDriverManagerException: java.lang.NumberFormatException: For input string: \"<HTML><HEAD>\n<meta http-equiv=pragma content=nocache>\n<META HTTP-EQUIV=Expires CONTENT=-1>\n<SCRIPT>\nvar url = new DOMParser()\"\r\n\tat io.github.bonigarcia.wdm.WebDriverManager.handleException(WebDriverManager.java:1421)\r\n\tat io.github.bonigarcia.wdm.WebDriverManager.manage(WebDriverManager.java:1190)\r\n\tat io.github.bonigarcia.wdm.WebDriverManager.fallback(WebDriverManager.java:1437)\r\n\tat io.github.bonigarcia.wdm.WebDriverManager.handleException(WebDriverManager.java:1415)\r\n\tat io.github.bonigarcia.wdm.WebDriverManager.manage(WebDriverManager.java:1190)\r\n\tat io.github.bonigarcia.wdm.WebDriverManager.setup(WebDriverManager.java:427)\r\n\tat TestComponent.BaseTest.initializeDriver(BaseTest.java:39)\r\n\tat TestComponent.BaseTest.lunchApplication(BaseTest.java:61)\r\n\tat stepDefinations.StepDefinitionImpl.I_landed_on_Ecommerce_Page(StepDefinitionImpl.java:29)\r\n\tat ✽.I landed on Ecommerce Page(file:///D:/AutomationLearn/TestNG/src/test/java/cucumber/SubmitOrder.feature:6)\r\nCaused by: java.lang.NumberFormatException: For input string: \"<HTML><HEAD>\n<meta http-equiv=pragma content=nocache>\n<META HTTP-EQUIV=Expires CONTENT=-1>\n<SCRIPT>\nvar url = new DOMParser()\"\r\n\tat java.base/java.lang.NumberFormatException.forInputString(NumberFormatException.java:67)\r\n\tat java.base/java.lang.Integer.parseInt(Integer.java:662)\r\n\tat java.base/java.lang.Integer.parseInt(Integer.java:778)\r\n\tat io.github.bonigarcia.wdm.versions.VersionDetector.isCfT(VersionDetector.java:403)\r\n\tat io.github.bonigarcia.wdm.managers.ChromeDriverManager.buildUrl(ChromeDriverManager.java:174)\r\n\tat io.github.bonigarcia.wdm.managers.ChromeDriverManager.buildUrl(ChromeDriverManager.java:152)\r\n\tat io.github.bonigarcia.wdm.WebDriverManager.download(WebDriverManager.java:1263)\r\n\tat io.github.bonigarcia.wdm.WebDriverManager.manage(WebDriverManager.java:1184)\r\n\tat io.github.bonigarcia.wdm.WebDriverManager.fallback(WebDriverManager.java:1437)\r\n\tat io.github.bonigarcia.wdm.WebDriverManager.handleException(WebDriverManager.java:1415)\r\n\tat io.github.bonigarcia.wdm.WebDriverManager.manage(WebDriverManager.java:1190)\r\n\tat io.github.bonigarcia.wdm.WebDriverManager.setup(WebDriverManager.java:427)\r\n\tat TestComponent.BaseTest.initializeDriver(BaseTest.java:39)\r\n\tat TestComponent.BaseTest.lunchApplication(BaseTest.java:61)\r\n\tat stepDefinations.StepDefinitionImpl.I_landed_on_Ecommerce_Page(StepDefinitionImpl.java:29)\r\n\tat java.base/jdk.internal.reflect.DirectMethodHandleAccessor.invoke(DirectMethodHandleAccessor.java:103)\r\n\tat java.base/java.lang.reflect.Method.invoke(Method.java:580)\r\n\tat io.cucumber.java.Invoker.doInvoke(Invoker.java:66)\r\n\tat io.cucumber.java.Invoker.invoke(Invoker.java:24)\r\n\tat io.cucumber.java.AbstractGlueDefinition.invokeMethod(AbstractGlueDefinition.java:47)\r\n\tat io.cucumber.java.JavaStepDefinition.execute(JavaStepDefinition.java:29)\r\n\tat io.cucumber.core.runner.CoreStepDefinition.execute(CoreStepDefinition.java:66)\r\n\tat io.cucumber.core.runner.PickleStepDefinitionMatch.runStep(PickleStepDefinitionMatch.java:63)\r\n\tat io.cucumber.core.runner.ExecutionMode$1.execute(ExecutionMode.java:10)\r\n\tat io.cucumber.core.runner.TestStep.executeStep(TestStep.java:81)\r\n\tat io.cucumber.core.runner.TestStep.run(TestStep.java:53)\r\n\tat io.cucumber.core.runner.PickleStepTestStep.run(PickleStepTestStep.java:51)\r\n\tat io.cucumber.core.runner.TestCase.run(TestCase.java:84)\r\n\tat io.cucumber.core.runner.Runner.runPickle(Runner.java:75)\r\n\tat io.cucumber.testng.TestNGCucumberRunner.lambda$runScenario$1(TestNGCucumberRunner.java:132)\r\n\tat io.cucumber.core.runtime.CucumberExecutionContext.lambda$runTestCase$5(CucumberExecutionContext.java:136)\r\n\tat io.cucumber.core.runtime.RethrowingThrowableCollector.executeAndThrow(RethrowingThrowableCollector.java:23)\r\n\tat io.cucumber.core.runtime.CucumberExecutionContext.runTestCase(CucumberExecutionContext.java:136)\r\n\tat io.cucumber.testng.TestNGCucumberRunner.runScenario(TestNGCucumberRunner.java:129)\r\n\tat io.cucumber.testng.AbstractTestNGCucumberTests.runScenario(AbstractTestNGCucumberTests.java:35)\r\n\tat java.base/jdk.internal.reflect.DirectMethodHandleAccessor.invoke(DirectMethodHandleAccessor.java:103)\r\n\tat java.base/java.lang.reflect.Method.invoke(Method.java:580)\r\n\tat org.testng.internal.invokers.MethodInvocationHelper.invokeMethod(MethodInvocationHelper.java:141)\r\n\tat org.testng.internal.invokers.TestInvoker.invokeMethod(TestInvoker.java:686)\r\n\tat org.testng.internal.invokers.TestInvoker.retryFailed(TestInvoker.java:269)\r\n\tat org.testng.internal.invokers.MethodRunner.runInSequence(MethodRunner.java:76)\r\n\tat org.testng.internal.invokers.TestInvoker$MethodInvocationAgent.invoke(TestInvoker.java:992)\r\n\tat org.testng.internal.invokers.TestInvoker.invokeTestMethods(TestInvoker.java:203)\r\n\tat org.testng.internal.invokers.TestMethodWorker.invokeTestMethods(TestMethodWorker.java:154)\r\n\tat org.testng.internal.invokers.TestMethodWorker.run(TestMethodWorker.java:134)\r\n\tat java.base/java.util.ArrayList.forEach(ArrayList.java:1596)\r\n\tat org.testng.TestRunner.privateRun(TestRunner.java:739)\r\n\tat org.testng.TestRunner.run(TestRunner.java:614)\r\n\tat org.testng.SuiteRunner.runTest(SuiteRunner.java:421)\r\n\tat org.testng.SuiteRunner.runSequentially(SuiteRunner.java:413)\r\n\tat org.testng.SuiteRunner.privateRun(SuiteRunner.java:373)\r\n\tat org.testng.SuiteRunner.run(SuiteRunner.java:312)\r\n\tat org.testng.SuiteRunnerWorker.runSuite(SuiteRunnerWorker.java:52)\r\n\tat org.testng.SuiteRunnerWorker.run(SuiteRunnerWorker.java:95)\r\n\tat org.testng.TestNG.runSuitesSequentially(TestNG.java:1274)\r\n\tat org.testng.TestNG.runSuitesLocally(TestNG.java:1208)\r\n\tat org.testng.TestNG.runSuites(TestNG.java:1112)\r\n\tat org.testng.TestNG.run(TestNG.java:1079)\r\n\tat org.apache.maven.surefire.testng.TestNGExecutor.run(TestNGExecutor.java:308)\r\n\tat org.apache.maven.surefire.testng.TestNGXmlTestSuite.execute(TestNGXmlTestSuite.java:71)\r\n\tat org.apache.maven.surefire.testng.TestNGProvider.invoke(TestNGProvider.java:113)\r\n\tat org.apache.maven.surefire.booter.ForkedBooter.runSuitesInProcess(ForkedBooter.java:385)\r\n\tat org.apache.maven.surefire.booter.ForkedBooter.execute(ForkedBooter.java:162)\r\n\tat org.apache.maven.surefire.booter.ForkedBooter.run(ForkedBooter.java:507)\r\n\tat org.apache.maven.surefire.booter.ForkedBooter.main(ForkedBooter.java:495)\r\n"},"stage":"finished","description":"  I want to use this template for my feature file","steps":[{"name":"Given I landed on Ecommerce Page","status":"broken","statusDetails":{"known":false,"muted":false,"flaky":false,"message":"java.lang.NumberFormatException: For input string: \"<HTML><HEAD>\n<meta http-equiv=pragma content=nocache>\n<META HTTP-EQUIV=Expires CONTENT=-1>\n<SCRIPT>\nvar url = new DOMParser()\"","trace":"io.github.bonigarcia.wdm.config.WebDriverManagerException: java.lang.NumberFormatException: For input string: \"<HTML><HEAD>\n<meta http-equiv=pragma content=nocache>\n<META HTTP-EQUIV=Expires CONTENT=-1>\n<SCRIPT>\nvar url = new DOMParser()\"\r\n\tat io.github.bonigarcia.wdm.WebDriverManager.handleException(WebDriverManager.java:1421)\r\n\tat io.github.bonigarcia.wdm.WebDriverManager.manage(WebDriverManager.java:1190)\r\n\tat io.github.bonigarcia.wdm.WebDriverManager.fallback(WebDriverManager.java:1437)\r\n\tat io.github.bonigarcia.wdm.WebDriverManager.handleException(WebDriverManager.java:1415)\r\n\tat io.github.bonigarcia.wdm.WebDriverManager.manage(WebDriverManager.java:1190)\r\n\tat io.github.bonigarcia.wdm.WebDriverManager.setup(WebDriverManager.java:427)\r\n\tat TestComponent.BaseTest.initializeDriver(BaseTest.java:39)\r\n\tat TestComponent.BaseTest.lunchApplication(BaseTest.java:61)\r\n\tat stepDefinations.StepDefinitionImpl.I_landed_on_Ecommerce_Page(StepDefinitionImpl.java:29)\r\n\tat ✽.I landed on Ecommerce Page(file:///D:/AutomationLearn/TestNG/src/test/java/cucumber/SubmitOrder.feature:6)\r\nCaused by: java.lang.NumberFormatException: For input string: \"<HTML><HEAD>\n<meta http-equiv=pragma content=nocache>\n<META HTTP-EQUIV=Expires CONTENT=-1>\n<SCRIPT>\nvar url = new DOMParser()\"\r\n\tat java.base/java.lang.NumberFormatException.forInputString(NumberFormatException.java:67)\r\n\tat java.base/java.lang.Integer.parseInt(Integer.java:662)\r\n\tat java.base/java.lang.Integer.parseInt(Integer.java:778)\r\n\tat io.github.bonigarcia.wdm.versions.VersionDetector.isCfT(VersionDetector.java:403)\r\n\tat io.github.bonigarcia.wdm.managers.ChromeDriverManager.buildUrl(ChromeDriverManager.java:174)\r\n\tat io.github.bonigarcia.wdm.managers.ChromeDriverManager.buildUrl(ChromeDriverManager.java:152)\r\n\tat io.github.bonigarcia.wdm.WebDriverManager.download(WebDriverManager.java:1263)\r\n\tat io.github.bonigarcia.wdm.WebDriverManager.manage(WebDriverManager.java:1184)\r\n\tat io.github.bonigarcia.wdm.WebDriverManager.fallback(WebDriverManager.java:1437)\r\n\tat io.github.bonigarcia.wdm.WebDriverManager.handleException(WebDriverManager.java:1415)\r\n\tat io.github.bonigarcia.wdm.WebDriverManager.manage(WebDriverManager.java:1190)\r\n\tat io.github.bonigarcia.wdm.WebDriverManager.setup(WebDriverManager.java:427)\r\n\tat TestComponent.BaseTest.initializeDriver(BaseTest.java:39)\r\n\tat TestComponent.BaseTest.lunchApplication(BaseTest.java:61)\r\n\tat stepDefinations.StepDefinitionImpl.I_landed_on_Ecommerce_Page(StepDefinitionImpl.java:29)\r\n\tat java.base/jdk.internal.reflect.DirectMethodHandleAccessor.invoke(DirectMethodHandleAccessor.java:103)\r\n\tat java.base/java.lang.reflect.Method.invoke(Method.java:580)\r\n\tat io.cucumber.java.Invoker.doInvoke(Invoker.java:66)\r\n\tat io.cucumber.java.Invoker.invoke(Invoker.java:24)\r\n\tat io.cucumber.java.AbstractGlueDefinition.invokeMethod(AbstractGlueDefinition.java:47)\r\n\tat io.cucumber.java.JavaStepDefinition.execute(JavaStepDefinition.java:29)\r\n\tat io.cucumber.core.runner.CoreStepDefinition.execute(CoreStepDefinition.java:66)\r\n\tat io.cucumber.core.runner.PickleStepDefinitionMatch.runStep(PickleStepDefinitionMatch.java:63)\r\n\tat io.cucumber.core.runner.ExecutionMode$1.execute(ExecutionMode.java:10)\r\n\tat io.cucumber.core.runner.TestStep.executeStep(TestStep.java:81)\r\n\tat io.cucumber.core.runner.TestStep.run(TestStep.java:53)\r\n\tat io.cucumber.core.runner.PickleStepTestStep.run(PickleStepTestStep.java:51)\r\n\tat io.cucumber.core.runner.TestCase.run(TestCase.java:84)\r\n\tat io.cucumber.core.runner.Runner.runPickle(Runner.java:75)\r\n\tat io.cucumber.testng.TestNGCucumberRunner.lambda$runScenario$1(TestNGCucumberRunner.java:132)\r\n\tat io.cucumber.core.runtime.CucumberExecutionContext.lambda$runTestCase$5(CucumberExecutionContext.java:136)\r\n\tat io.cucumber.core.runtime.RethrowingThrowableCollector.executeAndThrow(RethrowingThrowableCollector.java:23)\r\n\tat io.cucumber.core.runtime.CucumberExecutionContext.runTestCase(CucumberExecutionContext.java:136)\r\n\tat io.cucumber.testng.TestNGCucumberRunner.runScenario(TestNGCucumberRunner.java:129)\r\n\tat io.cucumber.testng.AbstractTestNGCucumberTests.runScenario(AbstractTestNGCucumberTests.java:35)\r\n\tat java.base/jdk.internal.reflect.DirectMethodHandleAccessor.invoke(DirectMethodHandleAccessor.java:103)\r\n\tat java.base/java.lang.reflect.Method.invoke(Method.java:580)\r\n\tat org.testng.internal.invokers.MethodInvocationHelper.invokeMethod(MethodInvocationHelper.java:141)\r\n\tat org.testng.internal.invokers.TestInvoker.invokeMethod(TestInvoker.java:686)\r\n\tat org.testng.internal.invokers.TestInvoker.retryFailed(TestInvoker.java:269)\r\n\tat org.testng.internal.invokers.MethodRunner.runInSequence(MethodRunner.java:76)\r\n\tat org.testng.internal.invokers.TestInvoker$MethodInvocationAgent.invoke(TestInvoker.java:992)\r\n\tat org.testng.internal.invokers.TestInvoker.invokeTestMethods(TestInvoker.java:203)\r\n\tat org.testng.internal.invokers.TestMethodWorker.invokeTestMethods(TestMethodWorker.java:154)\r\n\tat org.testng.internal.invokers.TestMethodWorker.run(TestMethodWorker.java:134)\r\n\tat java.base/java.util.ArrayList.forEach(ArrayList.java:1596)\r\n\tat org.testng.TestRunner.privateRun(TestRunner.java:739)\r\n\tat org.testng.TestRunner.run(TestRunner.java:614)\r\n\tat org.testng.SuiteRunner.runTest(SuiteRunner.java:421)\r\n\tat org.testng.SuiteRunner.runSequentially(SuiteRunner.java:413)\r\n\tat org.testng.SuiteRunner.privateRun(SuiteRunner.java:373)\r\n\tat org.testng.SuiteRunner.run(SuiteRunner.java:312)\r\n\tat org.testng.SuiteRunnerWorker.runSuite(SuiteRunnerWorker.java:52)\r\n\tat org.testng.SuiteRunnerWorker.run(SuiteRunnerWorker.java:95)\r\n\tat org.testng.TestNG.runSuitesSequentially(TestNG.java:1274)\r\n\tat org.testng.TestNG.runSuitesLocally(TestNG.java:1208)\r\n\tat org.testng.TestNG.runSuites(TestNG.java:1112)\r\n\tat org.testng.TestNG.run(TestNG.java:1079)\r\n\tat org.apache.maven.surefire.testng.TestNGExecutor.run(TestNGExecutor.java:308)\r\n\tat org.apache.maven.surefire.testng.TestNGXmlTestSuite.execute(TestNGXmlTestSuite.java:71)\r\n\tat org.apache.maven.surefire.testng.TestNGProvider.invoke(TestNGProvider.java:113)\r\n\tat org.apache.maven.surefire.booter.ForkedBooter.runSuitesInProcess(ForkedBooter.java:385)\r\n\tat org.apache.maven.surefire.booter.ForkedBooter.execute(ForkedBooter.java:162)\r\n\tat org.apache.maven.surefire.booter.ForkedBooter.run(ForkedBooter.java:507)\r\n\tat org.apache.maven.surefire.booter.ForkedBooter.main(ForkedBooter.java:495)\r\n"},"stage":"finished","steps":[],"attachments":[],"parameters":[],"start":1723288000251,"stop":1723288000797},{"name":"Given Logged in with username email_2 and password password_2","status":"skipped","statusDetails":{"known":false,"muted":false,"flaky":false},"stage":"finished","steps":[],"attachments":[],"parameters":[],"start":1723288000797,"stop":1723288000798},{"name":"When I add product productName_2 to Cart","status":"skipped","statusDetails":{"known":false,"muted":false,"flaky":false},"stage":"finished","steps":[],"attachments":[],"parameters":[],"start":1723288000798,"stop":1723288000799},{"name":"And Checkout productName_2 and submit the order","status":"skipped","statusDetails":{"known":false,"muted":false,"flaky":false},"stage":"finished","steps":[],"attachments":[],"parameters":[],"start":1723288000799,"stop":1723288000800},{"name":"Then confirmMessage_2 message is displayed in ConfirmationPage","status":"skipped","statusDetails":{"known":false,"muted":false,"flaky":false},"stage":"finished","steps":[],"attachments":[],"parameters":[],"start":1723288000800,"stop":1723288000800}],"attachments":[],"parameters":[{"name":"email","value":"email_2"},{"name":"password","value":"password_2"},{"name":"productName","value":"productName_2"},{"name":"confirmMessage","value":"confirmMessage_2"}],"start":1723288000250,"stop":1723288000811}