{"uuid":"aaa61e2d-cfc9-41cd-a55b-9ba6fb0d6044","historyId":"34fca00811880cdd9ffde98feda1b82c","testCaseId":"80171f65f29530ac499d57b63a39c1a4","fullName":"src/test/java/cucumber/ErrorValidation.feature:12","labels":[{"name":"tag","value":"ErrorValidation"},{"name":"host","value":"TRD-LAP-007"},{"name":"thread","value":"11240@TRD-LAP-007.main(1)"},{"name":"feature","value":"Error Validation"},{"name":"story","value":"Error Validation"},{"name":"suite","value":"Error Validation"},{"name":"testClass","value":"Error Validation"},{"name":"framework","value":"cucumber4jvm"},{"name":"language","value":"java"},{"name":"gherkin_uri","value":"file:///D:/AutomationLearn/TestNG/src/test/java/cucumber/ErrorValidation.feature"},{"name":"package","value":"src.test.java.cucumber.ErrorValidation_feature.Error Validation"}],"links":[],"name":"Error Validation","status":"failed","statusDetails":{"known":false,"muted":false,"flaky":false,"message":"expected [Incorrect email or password.] but found [Incorrect email password.]","trace":"java.lang.AssertionError: expected [Incorrect email or password.] but found [Incorrect email password.]\r\n\tat org.testng.Assert.fail(Assert.java:111)\r\n\tat org.testng.Assert.failNotEquals(Assert.java:1578)\r\n\tat org.testng.Assert.assertEqualsImpl(Assert.java:150)\r\n\tat org.testng.Assert.assertEquals(Assert.java:132)\r\n\tat org.testng.Assert.assertEquals(Assert.java:656)\r\n\tat org.testng.Assert.assertEquals(Assert.java:666)\r\n\tat stepDefinations.StepDefinitionImpl.message_is_displayed(StepDefinitionImpl.java:56)\r\n\tat ✽.\"Incorrect email password.\" message is displayed(file:///D:/AutomationLearn/TestNG/src/test/java/cucumber/ErrorValidation.feature:8)\r\n"},"stage":"finished","description":"  I want to use this template for my feature file","steps":[{"name":"Given I landed on Ecommerce Page","status":"passed","statusDetails":{"known":false,"muted":false,"flaky":false},"stage":"finished","steps":[],"attachments":[],"parameters":[],"start":1722934775401,"stop":1722934782004},{"name":"When Logged in with username tadmin12@admin.com and password Admin@12a","status":"passed","statusDetails":{"known":false,"muted":false,"flaky":false},"stage":"finished","steps":[],"attachments":[],"parameters":[],"start":1722934782007,"stop":1722934782952},{"name":"Then \"Incorrect email password.\" message is displayed","status":"failed","statusDetails":{"known":false,"muted":false,"flaky":false,"message":"expected [Incorrect email or password.] but found [Incorrect email password.]","trace":"java.lang.AssertionError: expected [Incorrect email or password.] but found [Incorrect email password.]\r\n\tat org.testng.Assert.fail(Assert.java:111)\r\n\tat org.testng.Assert.failNotEquals(Assert.java:1578)\r\n\tat org.testng.Assert.assertEqualsImpl(Assert.java:150)\r\n\tat org.testng.Assert.assertEquals(Assert.java:132)\r\n\tat org.testng.Assert.assertEquals(Assert.java:656)\r\n\tat org.testng.Assert.assertEquals(Assert.java:666)\r\n\tat stepDefinations.StepDefinitionImpl.message_is_displayed(StepDefinitionImpl.java:56)\r\n\tat ✽.\"Incorrect email password.\" message is displayed(file:///D:/AutomationLearn/TestNG/src/test/java/cucumber/ErrorValidation.feature:8)\r\n"},"stage":"finished","steps":[],"attachments":[],"parameters":[],"start":1722934782952,"stop":1722934783202}],"attachments":[],"parameters":[{"name":"name","value":"tadmin12@admin.com"},{"name":"password","value":"Admin@12a"}],"start":1722934775397,"stop":1722934784084}