{"uuid":"d2540fa8-e9ff-42c4-baad-bba33db42d5f","historyId":"7748e01b36262942b9f02c48c4547f1f","testCaseId":"fe05c48a7b2788c52da8d1d608c4b967","fullName":"src/test/java/resources/features/ErrorValidation.feature:13","labels":[{"name":"tag","value":"SmokeTest"},{"name":"tag","value":"ErrorValidation"},{"name":"host","value":"TRD-LAP-007"},{"name":"thread","value":"2616@TRD-LAP-007.main(1)"},{"name":"feature","value":"Error Validation"},{"name":"story","value":"Error Validation"},{"name":"suite","value":"Error Validation"},{"name":"testClass","value":"Error Validation"},{"name":"framework","value":"cucumber4jvm"},{"name":"language","value":"java"},{"name":"gherkin_uri","value":"file:///D:/SeleniumAutomationFramework/src/test/java/resources/features/ErrorValidation.feature"},{"name":"package","value":"src.test.java.resources.features.ErrorValidation_feature.Error Validation"}],"links":[],"name":"Error Validation","status":"broken","statusDetails":{"known":false,"muted":false,"flaky":false,"message":"Expected condition failed: waiting for visibility of element located by By.xpath: //div[@aria-label='Incorrect email or password.'] (tried for 5 second(s) with 500 milliseconds interval)\nBuild info: version: '4.22.0', revision: 'c5f3146703*'\nSystem info: os.name: 'Windows 10', os.arch: 'amd64', os.version: '10.0', java.version: '21.0.4'\nDriver info: org.openqa.selenium.chrome.ChromeDriver\nCapabilities {acceptInsecureCerts: false, browserName: chrome, browserVersion: 128.0.6613.113, chrome: {chromedriverVersion: 128.0.6613.86 (3045ed680fda..., userDataDir: C:\\Users\\Samir\\AppData\\Loca...}, fedcm:accounts: true, goog:chromeOptions: {debuggerAddress: localhost:58056}, networkConnectionEnabled: false, pageLoadStrategy: normal, platformName: windows, proxy: Proxy(), se:cdp: ws://localhost:58056/devtoo..., se:cdpVersion: 128.0.6613.113, setWindowRect: true, strictFileInteractability: false, timeouts: {implicit: 0, pageLoad: 300000, script: 30000}, unhandledPromptBehavior: dismiss and notify, webauthn:extension:credBlob: true, webauthn:extension:largeBlob: true, webauthn:extension:minPinLength: true, webauthn:extension:prf: true, webauthn:virtualAuthenticators: true}\nSession ID: 71c17641a170cbb12fd1b4f4dd57b8f9","trace":"org.openqa.selenium.TimeoutException: Expected condition failed: waiting for visibility of element located by By.xpath: //div[@aria-label='Incorrect email or password.'] (tried for 5 second(s) with 500 milliseconds interval)\nBuild info: version: '4.22.0', revision: 'c5f3146703*'\nSystem info: os.name: 'Windows 10', os.arch: 'amd64', os.version: '10.0', java.version: '21.0.4'\nDriver info: org.openqa.selenium.chrome.ChromeDriver\nCapabilities {acceptInsecureCerts: false, browserName: chrome, browserVersion: 128.0.6613.113, chrome: {chromedriverVersion: 128.0.6613.86 (3045ed680fda..., userDataDir: C:\\Users\\Samir\\AppData\\Loca...}, fedcm:accounts: true, goog:chromeOptions: {debuggerAddress: localhost:58056}, networkConnectionEnabled: false, pageLoadStrategy: normal, platformName: windows, proxy: Proxy(), se:cdp: ws://localhost:58056/devtoo..., se:cdpVersion: 128.0.6613.113, setWindowRect: true, strictFileInteractability: false, timeouts: {implicit: 0, pageLoad: 300000, script: 30000}, unhandledPromptBehavior: dismiss and notify, webauthn:extension:credBlob: true, webauthn:extension:largeBlob: true, webauthn:extension:minPinLength: true, webauthn:extension:prf: true, webauthn:virtualAuthenticators: true}\nSession ID: 71c17641a170cbb12fd1b4f4dd57b8f9\r\n\tat org.openqa.selenium.support.ui.WebDriverWait.timeoutException(WebDriverWait.java:84)\r\n\tat org.openqa.selenium.support.ui.FluentWait.until(FluentWait.java:228)\r\n\tat com.sam.selenium.CommonMethods.CommonMethod.waitForElementVisible(CommonMethod.java:105)\r\n\tat com.sam.selenium.pageObjects.LandingPage.getErrorMessage(LandingPage.java:30)\r\n\tat com.sam.selenium.stepDefinations.StepDefinitionsImpl.message_is_displayed(StepDefinitionsImpl.java:88)\r\n\tat ✽.errorMessage_3 message is displayed(file:///D:/SeleniumAutomationFramework/src/test/java/resources/features/ErrorValidation.feature:9)\r\n"},"stage":"finished","description":"  I want to use this template for my feature file","steps":[{"name":"Given I landed on Ecommerce Page","status":"passed","statusDetails":{"known":false,"muted":false,"flaky":false},"stage":"finished","steps":[],"attachments":[],"parameters":[],"start":1725277754114,"stop":1725277756851},{"name":"When Logged in with username email_3 and password password_3","status":"passed","statusDetails":{"known":false,"muted":false,"flaky":false},"stage":"finished","steps":[],"attachments":[],"parameters":[],"start":1725277756852,"stop":1725277757742},{"name":"Then errorMessage_3 message is displayed","status":"broken","statusDetails":{"known":false,"muted":false,"flaky":false,"message":"Expected condition failed: waiting for visibility of element located by By.xpath: //div[@aria-label='Incorrect email or password.'] (tried for 5 second(s) with 500 milliseconds interval)\nBuild info: version: '4.22.0', revision: 'c5f3146703*'\nSystem info: os.name: 'Windows 10', os.arch: 'amd64', os.version: '10.0', java.version: '21.0.4'\nDriver info: org.openqa.selenium.chrome.ChromeDriver\nCapabilities {acceptInsecureCerts: false, browserName: chrome, browserVersion: 128.0.6613.113, chrome: {chromedriverVersion: 128.0.6613.86 (3045ed680fda..., userDataDir: C:\\Users\\Samir\\AppData\\Loca...}, fedcm:accounts: true, goog:chromeOptions: {debuggerAddress: localhost:58056}, networkConnectionEnabled: false, pageLoadStrategy: normal, platformName: windows, proxy: Proxy(), se:cdp: ws://localhost:58056/devtoo..., se:cdpVersion: 128.0.6613.113, setWindowRect: true, strictFileInteractability: false, timeouts: {implicit: 0, pageLoad: 300000, script: 30000}, unhandledPromptBehavior: dismiss and notify, webauthn:extension:credBlob: true, webauthn:extension:largeBlob: true, webauthn:extension:minPinLength: true, webauthn:extension:prf: true, webauthn:virtualAuthenticators: true}\nSession ID: 71c17641a170cbb12fd1b4f4dd57b8f9","trace":"org.openqa.selenium.TimeoutException: Expected condition failed: waiting for visibility of element located by By.xpath: //div[@aria-label='Incorrect email or password.'] (tried for 5 second(s) with 500 milliseconds interval)\nBuild info: version: '4.22.0', revision: 'c5f3146703*'\nSystem info: os.name: 'Windows 10', os.arch: 'amd64', os.version: '10.0', java.version: '21.0.4'\nDriver info: org.openqa.selenium.chrome.ChromeDriver\nCapabilities {acceptInsecureCerts: false, browserName: chrome, browserVersion: 128.0.6613.113, chrome: {chromedriverVersion: 128.0.6613.86 (3045ed680fda..., userDataDir: C:\\Users\\Samir\\AppData\\Loca...}, fedcm:accounts: true, goog:chromeOptions: {debuggerAddress: localhost:58056}, networkConnectionEnabled: false, pageLoadStrategy: normal, platformName: windows, proxy: Proxy(), se:cdp: ws://localhost:58056/devtoo..., se:cdpVersion: 128.0.6613.113, setWindowRect: true, strictFileInteractability: false, timeouts: {implicit: 0, pageLoad: 300000, script: 30000}, unhandledPromptBehavior: dismiss and notify, webauthn:extension:credBlob: true, webauthn:extension:largeBlob: true, webauthn:extension:minPinLength: true, webauthn:extension:prf: true, webauthn:virtualAuthenticators: true}\nSession ID: 71c17641a170cbb12fd1b4f4dd57b8f9\r\n\tat org.openqa.selenium.support.ui.WebDriverWait.timeoutException(WebDriverWait.java:84)\r\n\tat org.openqa.selenium.support.ui.FluentWait.until(FluentWait.java:228)\r\n\tat com.sam.selenium.CommonMethods.CommonMethod.waitForElementVisible(CommonMethod.java:105)\r\n\tat com.sam.selenium.pageObjects.LandingPage.getErrorMessage(LandingPage.java:30)\r\n\tat com.sam.selenium.stepDefinations.StepDefinitionsImpl.message_is_displayed(StepDefinitionsImpl.java:88)\r\n\tat ✽.errorMessage_3 message is displayed(file:///D:/SeleniumAutomationFramework/src/test/java/resources/features/ErrorValidation.feature:9)\r\n"},"stage":"finished","steps":[],"attachments":[],"parameters":[],"start":1725277757742,"stop":1725277767931}],"attachments":[],"parameters":[{"name":"name","value":"email_3"},{"name":"password","value":"password_3"},{"name":"errorMessage","value":"errorMessage_3"}],"start":1725277743141,"stop":1725277771556}