{"uuid":"fcc6259b-96ca-4f49-ac2d-7e8bc63c50c2","historyId":"6f9351439536287870e82836bd23261d","fullName":"com.sam.selenium.tests.SubmitOrderTest.submitOrder","labels":[{"name":"package","value":"com.sam.selenium.tests.SubmitOrderTest"},{"name":"testClass","value":"com.sam.selenium.tests.SubmitOrderTest"},{"name":"testMethod","value":"submitOrder"},{"name":"parentSuite","value":"Surefire suite"},{"name":"suite","value":"Surefire test"},{"name":"subSuite","value":"com.sam.selenium.tests.SubmitOrderTest"},{"name":"host","value":"TRD-LAP-231"},{"name":"thread","value":"14056@TRD-LAP-231.main(1)"},{"name":"framework","value":"testng"},{"name":"language","value":"java"}],"links":[],"name":"submitOrder","status":"skipped","statusDetails":{"known":false,"muted":false,"flaky":false,"message":"java.lang.NumberFormatException: For input string: \"<HTML><HEAD>\n<meta http-equiv=pragma content=nocache>\n<META HTTP-EQUIV=Expires CONTENT=-1>\n<SCRIPT>\nvar url = new DOMParser()\"","trace":"io.github.bonigarcia.wdm.config.WebDriverManagerException: java.lang.NumberFormatException: For input string: \"<HTML><HEAD>\n<meta http-equiv=pragma content=nocache>\n<META HTTP-EQUIV=Expires CONTENT=-1>\n<SCRIPT>\nvar url = new DOMParser()\"\r\n\tat io.github.bonigarcia.wdm.WebDriverManager.handleException(WebDriverManager.java:1421)\r\n\tat io.github.bonigarcia.wdm.WebDriverManager.manage(WebDriverManager.java:1190)\r\n\tat io.github.bonigarcia.wdm.WebDriverManager.fallback(WebDriverManager.java:1437)\r\n\tat io.github.bonigarcia.wdm.WebDriverManager.handleException(WebDriverManager.java:1415)\r\n\tat io.github.bonigarcia.wdm.WebDriverManager.manage(WebDriverManager.java:1190)\r\n\tat io.github.bonigarcia.wdm.WebDriverManager.setup(WebDriverManager.java:427)\r\n\tat com.sam.selenium.base.BaseTest.initializeDriver(BaseTest.java:37)\r\n\tat com.sam.selenium.base.BaseTest.lunchApplication(BaseTest.java:59)\r\n\tat java.base/jdk.internal.reflect.DirectMethodHandleAccessor.invoke(DirectMethodHandleAccessor.java:103)\r\n\tat java.base/java.lang.reflect.Method.invoke(Method.java:580)\r\n\tat org.testng.internal.invokers.MethodInvocationHelper.invokeMethod(MethodInvocationHelper.java:141)\r\n\tat org.testng.internal.invokers.MethodInvocationHelper.invokeMethodConsideringTimeout(MethodInvocationHelper.java:71)\r\n\tat org.testng.internal.invokers.ConfigInvoker.invokeConfigurationMethod(ConfigInvoker.java:400)\r\n\tat org.testng.internal.invokers.ConfigInvoker.invokeConfigurations(ConfigInvoker.java:333)\r\n\tat org.testng.internal.invokers.TestInvoker.runConfigMethods(TestInvoker.java:833)\r\n\tat org.testng.internal.invokers.TestInvoker.invokeMethod(TestInvoker.java:600)\r\n\tat org.testng.internal.invokers.TestInvoker.invokeTestMethod(TestInvoker.java:230)\r\n\tat org.testng.internal.invokers.MethodRunner.runInSequence(MethodRunner.java:63)\r\n\tat org.testng.internal.invokers.TestInvoker$MethodInvocationAgent.invoke(TestInvoker.java:992)\r\n\tat org.testng.internal.invokers.TestInvoker.invokeTestMethods(TestInvoker.java:203)\r\n\tat org.testng.internal.invokers.TestMethodWorker.invokeTestMethods(TestMethodWorker.java:154)\r\n\tat org.testng.internal.invokers.TestMethodWorker.run(TestMethodWorker.java:134)\r\n\tat java.base/java.util.ArrayList.forEach(ArrayList.java:1596)\r\n\tat org.testng.TestRunner.privateRun(TestRunner.java:739)\r\n\tat org.testng.TestRunner.run(TestRunner.java:614)\r\n\tat org.testng.SuiteRunner.runTest(SuiteRunner.java:421)\r\n\tat org.testng.SuiteRunner.runSequentially(SuiteRunner.java:413)\r\n\tat org.testng.SuiteRunner.privateRun(SuiteRunner.java:373)\r\n\tat org.testng.SuiteRunner.run(SuiteRunner.java:312)\r\n\tat org.testng.SuiteRunnerWorker.runSuite(SuiteRunnerWorker.java:52)\r\n\tat org.testng.SuiteRunnerWorker.run(SuiteRunnerWorker.java:95)\r\n\tat org.testng.TestNG.runSuitesSequentially(TestNG.java:1274)\r\n\tat org.testng.TestNG.runSuitesLocally(TestNG.java:1208)\r\n\tat org.testng.TestNG.runSuites(TestNG.java:1112)\r\n\tat org.testng.TestNG.run(TestNG.java:1079)\r\n\tat org.apache.maven.surefire.testng.TestNGExecutor.run(TestNGExecutor.java:155)\r\n\tat org.apache.maven.surefire.testng.TestNGDirectoryTestSuite.executeMulti(TestNGDirectoryTestSuite.java:169)\r\n\tat org.apache.maven.surefire.testng.TestNGDirectoryTestSuite.execute(TestNGDirectoryTestSuite.java:88)\r\n\tat org.apache.maven.surefire.testng.TestNGProvider.invoke(TestNGProvider.java:137)\r\n\tat org.apache.maven.surefire.booter.ForkedBooter.runSuitesInProcess(ForkedBooter.java:385)\r\n\tat org.apache.maven.surefire.booter.ForkedBooter.execute(ForkedBooter.java:162)\r\n\tat org.apache.maven.surefire.booter.ForkedBooter.run(ForkedBooter.java:507)\r\n\tat org.apache.maven.surefire.booter.ForkedBooter.main(ForkedBooter.java:495)\r\nCaused by: java.lang.NumberFormatException: For input string: \"<HTML><HEAD>\n<meta http-equiv=pragma content=nocache>\n<META HTTP-EQUIV=Expires CONTENT=-1>\n<SCRIPT>\nvar url = new DOMParser()\"\r\n\tat java.base/java.lang.NumberFormatException.forInputString(NumberFormatException.java:67)\r\n\tat java.base/java.lang.Integer.parseInt(Integer.java:662)\r\n\tat java.base/java.lang.Integer.parseInt(Integer.java:778)\r\n\tat io.github.bonigarcia.wdm.versions.VersionDetector.isCfT(VersionDetector.java:403)\r\n\tat io.github.bonigarcia.wdm.managers.ChromeDriverManager.buildUrl(ChromeDriverManager.java:174)\r\n\tat io.github.bonigarcia.wdm.managers.ChromeDriverManager.buildUrl(ChromeDriverManager.java:152)\r\n\tat io.github.bonigarcia.wdm.WebDriverManager.download(WebDriverManager.java:1263)\r\n\tat io.github.bonigarcia.wdm.WebDriverManager.manage(WebDriverManager.java:1184)\r\n\t... 41 more\r\n"},"stage":"finished","steps":[],"attachments":[],"parameters":[],"start":1734086934377,"stop":1734086934378}