{"uid":"16f173ac75ac602b","name":"Positive Test of Submitting the order","fullName":"src/test/java/resources/features/SubmitOrder.feature:20","historyId":"c1e9205cce5330b465cf786dec223ed0","time":{"start":1734081798926,"stop":1734081809050,"duration":10124},"description":"  I want to use this template for my feature file","descriptionHtml":"<p>I want to use this template for my feature file</p>\n","status":"broken","statusMessage":"element click intercepted: Element is not clickable at point (1085, 651)\n  (Session info: chrome=131.0.6778.110)\nBuild info: version: '4.22.0', revision: 'c5f3146703*'\nSystem info: os.name: 'Windows 10', os.arch: 'amd64', os.version: '10.0', java.version: '21.0.4'\nDriver info: org.openqa.selenium.chrome.ChromeDriver\nCommand: [54db2994fa8bd53bdedbfb149e22bba0, clickElement {id=f.107513FAD85FD74537A0F00A23CD1EAB.d.F833FD16FAE27AFAF040B1B068E0654E.e.121}]\nCapabilities {acceptInsecureCerts: false, browserName: chrome, browserVersion: 131.0.6778.110, chrome: {chromedriverVersion: 131.0.6778.108 (3b014839fbc..., userDataDir: C:\\Users\\Kaushal\\AppData\\Lo...}, fedcm:accounts: true, goog:chromeOptions: {debuggerAddress: localhost:56891}, networkConnectionEnabled: false, pageLoadStrategy: normal, platformName: windows, proxy: Proxy(), se:cdp: ws://localhost:56891/devtoo..., se:cdpVersion: 131.0.6778.110, setWindowRect: true, strictFileInteractability: false, timeouts: {implicit: 0, pageLoad: 300000, script: 30000}, unhandledPromptBehavior: dismiss and notify, webauthn:extension:credBlob: true, webauthn:extension:largeBlob: true, webauthn:extension:minPinLength: true, webauthn:extension:prf: true, webauthn:virtualAuthenticators: true}\nElement: [[ChromeDriver: chrome on windows (54db2994fa8bd53bdedbfb149e22bba0)] -> css selector: .action__submit]\nSession ID: 54db2994fa8bd53bdedbfb149e22bba0","statusTrace":"org.openqa.selenium.ElementClickInterceptedException: element click intercepted: Element is not clickable at point (1085, 651)\n  (Session info: chrome=131.0.6778.110)\nBuild info: version: '4.22.0', revision: 'c5f3146703*'\nSystem info: os.name: 'Windows 10', os.arch: 'amd64', os.version: '10.0', java.version: '21.0.4'\nDriver info: org.openqa.selenium.chrome.ChromeDriver\nCommand: [54db2994fa8bd53bdedbfb149e22bba0, clickElement {id=f.107513FAD85FD74537A0F00A23CD1EAB.d.F833FD16FAE27AFAF040B1B068E0654E.e.121}]\nCapabilities {acceptInsecureCerts: false, browserName: chrome, browserVersion: 131.0.6778.110, chrome: {chromedriverVersion: 131.0.6778.108 (3b014839fbc..., userDataDir: C:\\Users\\Kaushal\\AppData\\Lo...}, fedcm:accounts: true, goog:chromeOptions: {debuggerAddress: localhost:56891}, networkConnectionEnabled: false, pageLoadStrategy: normal, platformName: windows, proxy: Proxy(), se:cdp: ws://localhost:56891/devtoo..., se:cdpVersion: 131.0.6778.110, setWindowRect: true, strictFileInteractability: false, timeouts: {implicit: 0, pageLoad: 300000, script: 30000}, unhandledPromptBehavior: dismiss and notify, webauthn:extension:credBlob: true, webauthn:extension:largeBlob: true, webauthn:extension:minPinLength: true, webauthn:extension:prf: true, webauthn:virtualAuthenticators: true}\nElement: [[ChromeDriver: chrome on windows (54db2994fa8bd53bdedbfb149e22bba0)] -> css selector: .action__submit]\nSession ID: 54db2994fa8bd53bdedbfb149e22bba0\r\n\tat java.base/jdk.internal.reflect.DirectConstructorHandleAccessor.newInstance(DirectConstructorHandleAccessor.java:62)\r\n\tat java.base/java.lang.reflect.Constructor.newInstanceWithCaller(Constructor.java:502)\r\n\tat java.base/java.lang.reflect.Constructor.newInstance(Constructor.java:486)\r\n\tat org.openqa.selenium.remote.ErrorCodec.decode(ErrorCodec.java:167)\r\n\tat org.openqa.selenium.remote.codec.w3c.W3CHttpResponseCodec.decode(W3CHttpResponseCodec.java:138)\r\n\tat org.openqa.selenium.remote.codec.w3c.W3CHttpResponseCodec.decode(W3CHttpResponseCodec.java:50)\r\n\tat org.openqa.selenium.remote.HttpCommandExecutor.execute(HttpCommandExecutor.java:190)\r\n\tat org.openqa.selenium.remote.service.DriverCommandExecutor.invokeExecute(DriverCommandExecutor.java:216)\r\n\tat org.openqa.selenium.remote.service.DriverCommandExecutor.execute(DriverCommandExecutor.java:174)\r\n\tat org.openqa.selenium.remote.RemoteWebDriver.execute(RemoteWebDriver.java:518)\r\n\tat org.openqa.selenium.remote.RemoteWebElement.execute(RemoteWebElement.java:223)\r\n\tat org.openqa.selenium.remote.RemoteWebElement.click(RemoteWebElement.java:76)\r\n\tat com.sam.selenium.CommonMethods.CommonMethod.clickElement(CommonMethod.java:25)\r\n\tat com.sam.selenium.pageObjects.CheckoutPage.submitOrder(CheckoutPage.java:31)\r\n\tat com.sam.selenium.stepDefinations.StepDefinitionsImpl.Checkout_and_submit_the_order(StepDefinitionsImpl.java:71)\r\n\tat ✽.Checkout productName_6 and submit the order(file:///D:/Automation%20Project%20POC/SeleniumJavaPOC/src/test/java/resources/features/SubmitOrder.feature:12)\r\n","flaky":false,"newFailed":false,"newBroken":false,"newPassed":false,"retriesCount":0,"retriesStatusChange":false,"beforeStages":[{"name":"com.sam.selenium.stepDefinations.StepDefinitionsImpl.setUp()","time":{"start":1734081798927,"stop":1734081801136,"duration":2209},"status":"passed","steps":[],"attachments":[],"parameters":[],"attachmentStep":false,"stepsCount":0,"shouldDisplayMessage":false,"attachmentsCount":0,"hasContent":false}],"testStage":{"description":"  I want to use this template for my feature file","status":"broken","statusMessage":"element click intercepted: Element is not clickable at point (1085, 651)\n  (Session info: chrome=131.0.6778.110)\nBuild info: version: '4.22.0', revision: 'c5f3146703*'\nSystem info: os.name: 'Windows 10', os.arch: 'amd64', os.version: '10.0', java.version: '21.0.4'\nDriver info: org.openqa.selenium.chrome.ChromeDriver\nCommand: [54db2994fa8bd53bdedbfb149e22bba0, clickElement {id=f.107513FAD85FD74537A0F00A23CD1EAB.d.F833FD16FAE27AFAF040B1B068E0654E.e.121}]\nCapabilities {acceptInsecureCerts: false, browserName: chrome, browserVersion: 131.0.6778.110, chrome: {chromedriverVersion: 131.0.6778.108 (3b014839fbc..., userDataDir: C:\\Users\\Kaushal\\AppData\\Lo...}, fedcm:accounts: true, goog:chromeOptions: {debuggerAddress: localhost:56891}, networkConnectionEnabled: false, pageLoadStrategy: normal, platformName: windows, proxy: Proxy(), se:cdp: ws://localhost:56891/devtoo..., se:cdpVersion: 131.0.6778.110, setWindowRect: true, strictFileInteractability: false, timeouts: {implicit: 0, pageLoad: 300000, script: 30000}, unhandledPromptBehavior: dismiss and notify, webauthn:extension:credBlob: true, webauthn:extension:largeBlob: true, webauthn:extension:minPinLength: true, webauthn:extension:prf: true, webauthn:virtualAuthenticators: true}\nElement: [[ChromeDriver: chrome on windows (54db2994fa8bd53bdedbfb149e22bba0)] -> css selector: .action__submit]\nSession ID: 54db2994fa8bd53bdedbfb149e22bba0","statusTrace":"org.openqa.selenium.ElementClickInterceptedException: element click intercepted: Element is not clickable at point (1085, 651)\n  (Session info: chrome=131.0.6778.110)\nBuild info: version: '4.22.0', revision: 'c5f3146703*'\nSystem info: os.name: 'Windows 10', os.arch: 'amd64', os.version: '10.0', java.version: '21.0.4'\nDriver info: org.openqa.selenium.chrome.ChromeDriver\nCommand: [54db2994fa8bd53bdedbfb149e22bba0, clickElement {id=f.107513FAD85FD74537A0F00A23CD1EAB.d.F833FD16FAE27AFAF040B1B068E0654E.e.121}]\nCapabilities {acceptInsecureCerts: false, browserName: chrome, browserVersion: 131.0.6778.110, chrome: {chromedriverVersion: 131.0.6778.108 (3b014839fbc..., userDataDir: C:\\Users\\Kaushal\\AppData\\Lo...}, fedcm:accounts: true, goog:chromeOptions: {debuggerAddress: localhost:56891}, networkConnectionEnabled: false, pageLoadStrategy: normal, platformName: windows, proxy: Proxy(), se:cdp: ws://localhost:56891/devtoo..., se:cdpVersion: 131.0.6778.110, setWindowRect: true, strictFileInteractability: false, timeouts: {implicit: 0, pageLoad: 300000, script: 30000}, unhandledPromptBehavior: dismiss and notify, webauthn:extension:credBlob: true, webauthn:extension:largeBlob: true, webauthn:extension:minPinLength: true, webauthn:extension:prf: true, webauthn:virtualAuthenticators: true}\nElement: [[ChromeDriver: chrome on windows (54db2994fa8bd53bdedbfb149e22bba0)] -> css selector: .action__submit]\nSession ID: 54db2994fa8bd53bdedbfb149e22bba0\r\n\tat java.base/jdk.internal.reflect.DirectConstructorHandleAccessor.newInstance(DirectConstructorHandleAccessor.java:62)\r\n\tat java.base/java.lang.reflect.Constructor.newInstanceWithCaller(Constructor.java:502)\r\n\tat java.base/java.lang.reflect.Constructor.newInstance(Constructor.java:486)\r\n\tat org.openqa.selenium.remote.ErrorCodec.decode(ErrorCodec.java:167)\r\n\tat org.openqa.selenium.remote.codec.w3c.W3CHttpResponseCodec.decode(W3CHttpResponseCodec.java:138)\r\n\tat org.openqa.selenium.remote.codec.w3c.W3CHttpResponseCodec.decode(W3CHttpResponseCodec.java:50)\r\n\tat org.openqa.selenium.remote.HttpCommandExecutor.execute(HttpCommandExecutor.java:190)\r\n\tat org.openqa.selenium.remote.service.DriverCommandExecutor.invokeExecute(DriverCommandExecutor.java:216)\r\n\tat org.openqa.selenium.remote.service.DriverCommandExecutor.execute(DriverCommandExecutor.java:174)\r\n\tat org.openqa.selenium.remote.RemoteWebDriver.execute(RemoteWebDriver.java:518)\r\n\tat org.openqa.selenium.remote.RemoteWebElement.execute(RemoteWebElement.java:223)\r\n\tat org.openqa.selenium.remote.RemoteWebElement.click(RemoteWebElement.java:76)\r\n\tat com.sam.selenium.CommonMethods.CommonMethod.clickElement(CommonMethod.java:25)\r\n\tat com.sam.selenium.pageObjects.CheckoutPage.submitOrder(CheckoutPage.java:31)\r\n\tat com.sam.selenium.stepDefinations.StepDefinitionsImpl.Checkout_and_submit_the_order(StepDefinitionsImpl.java:71)\r\n\tat ✽.Checkout productName_6 and submit the order(file:///D:/Automation%20Project%20POC/SeleniumJavaPOC/src/test/java/resources/features/SubmitOrder.feature:12)\r\n","steps":[{"name":"Given I landed on Ecommerce Page","time":{"start":1734081801140,"stop":1734081802426,"duration":1286},"status":"passed","steps":[],"attachments":[],"parameters":[],"attachmentStep":false,"stepsCount":0,"shouldDisplayMessage":false,"attachmentsCount":0,"hasContent":false},{"name":"Given Logged in with username email_6 and password password_6","time":{"start":1734081802427,"stop":1734081803252,"duration":825},"status":"passed","steps":[],"attachments":[],"parameters":[],"attachmentStep":false,"stepsCount":0,"shouldDisplayMessage":false,"attachmentsCount":0,"hasContent":false},{"name":"When I add product productName_6 to Cart","time":{"start":1734081803252,"stop":1734081805300,"duration":2048},"status":"passed","steps":[],"attachments":[],"parameters":[],"attachmentStep":false,"stepsCount":0,"shouldDisplayMessage":false,"attachmentsCount":0,"hasContent":false},{"name":"And Checkout productName_6 and submit the order","time":{"start":1734081805300,"stop":1734081808453,"duration":3153},"status":"broken","statusMessage":"element click intercepted: Element is not clickable at point (1085, 651)\n  (Session info: chrome=131.0.6778.110)\nBuild info: version: '4.22.0', revision: 'c5f3146703*'\nSystem info: os.name: 'Windows 10', os.arch: 'amd64', os.version: '10.0', java.version: '21.0.4'\nDriver info: org.openqa.selenium.chrome.ChromeDriver\nCommand: [54db2994fa8bd53bdedbfb149e22bba0, clickElement {id=f.107513FAD85FD74537A0F00A23CD1EAB.d.F833FD16FAE27AFAF040B1B068E0654E.e.121}]\nCapabilities {acceptInsecureCerts: false, browserName: chrome, browserVersion: 131.0.6778.110, chrome: {chromedriverVersion: 131.0.6778.108 (3b014839fbc..., userDataDir: C:\\Users\\Kaushal\\AppData\\Lo...}, fedcm:accounts: true, goog:chromeOptions: {debuggerAddress: localhost:56891}, networkConnectionEnabled: false, pageLoadStrategy: normal, platformName: windows, proxy: Proxy(), se:cdp: ws://localhost:56891/devtoo..., se:cdpVersion: 131.0.6778.110, setWindowRect: true, strictFileInteractability: false, timeouts: {implicit: 0, pageLoad: 300000, script: 30000}, unhandledPromptBehavior: dismiss and notify, webauthn:extension:credBlob: true, webauthn:extension:largeBlob: true, webauthn:extension:minPinLength: true, webauthn:extension:prf: true, webauthn:virtualAuthenticators: true}\nElement: [[ChromeDriver: chrome on windows (54db2994fa8bd53bdedbfb149e22bba0)] -> css selector: .action__submit]\nSession ID: 54db2994fa8bd53bdedbfb149e22bba0","statusTrace":"org.openqa.selenium.ElementClickInterceptedException: element click intercepted: Element is not clickable at point (1085, 651)\n  (Session info: chrome=131.0.6778.110)\nBuild info: version: '4.22.0', revision: 'c5f3146703*'\nSystem info: os.name: 'Windows 10', os.arch: 'amd64', os.version: '10.0', java.version: '21.0.4'\nDriver info: org.openqa.selenium.chrome.ChromeDriver\nCommand: [54db2994fa8bd53bdedbfb149e22bba0, clickElement {id=f.107513FAD85FD74537A0F00A23CD1EAB.d.F833FD16FAE27AFAF040B1B068E0654E.e.121}]\nCapabilities {acceptInsecureCerts: false, browserName: chrome, browserVersion: 131.0.6778.110, chrome: {chromedriverVersion: 131.0.6778.108 (3b014839fbc..., userDataDir: C:\\Users\\Kaushal\\AppData\\Lo...}, fedcm:accounts: true, goog:chromeOptions: {debuggerAddress: localhost:56891}, networkConnectionEnabled: false, pageLoadStrategy: normal, platformName: windows, proxy: Proxy(), se:cdp: ws://localhost:56891/devtoo..., se:cdpVersion: 131.0.6778.110, setWindowRect: true, strictFileInteractability: false, timeouts: {implicit: 0, pageLoad: 300000, script: 30000}, unhandledPromptBehavior: dismiss and notify, webauthn:extension:credBlob: true, webauthn:extension:largeBlob: true, webauthn:extension:minPinLength: true, webauthn:extension:prf: true, webauthn:virtualAuthenticators: true}\nElement: [[ChromeDriver: chrome on windows (54db2994fa8bd53bdedbfb149e22bba0)] -> css selector: .action__submit]\nSession ID: 54db2994fa8bd53bdedbfb149e22bba0\r\n\tat java.base/jdk.internal.reflect.DirectConstructorHandleAccessor.newInstance(DirectConstructorHandleAccessor.java:62)\r\n\tat java.base/java.lang.reflect.Constructor.newInstanceWithCaller(Constructor.java:502)\r\n\tat java.base/java.lang.reflect.Constructor.newInstance(Constructor.java:486)\r\n\tat org.openqa.selenium.remote.ErrorCodec.decode(ErrorCodec.java:167)\r\n\tat org.openqa.selenium.remote.codec.w3c.W3CHttpResponseCodec.decode(W3CHttpResponseCodec.java:138)\r\n\tat org.openqa.selenium.remote.codec.w3c.W3CHttpResponseCodec.decode(W3CHttpResponseCodec.java:50)\r\n\tat org.openqa.selenium.remote.HttpCommandExecutor.execute(HttpCommandExecutor.java:190)\r\n\tat org.openqa.selenium.remote.service.DriverCommandExecutor.invokeExecute(DriverCommandExecutor.java:216)\r\n\tat org.openqa.selenium.remote.service.DriverCommandExecutor.execute(DriverCommandExecutor.java:174)\r\n\tat org.openqa.selenium.remote.RemoteWebDriver.execute(RemoteWebDriver.java:518)\r\n\tat org.openqa.selenium.remote.RemoteWebElement.execute(RemoteWebElement.java:223)\r\n\tat org.openqa.selenium.remote.RemoteWebElement.click(RemoteWebElement.java:76)\r\n\tat com.sam.selenium.CommonMethods.CommonMethod.clickElement(CommonMethod.java:25)\r\n\tat com.sam.selenium.pageObjects.CheckoutPage.submitOrder(CheckoutPage.java:31)\r\n\tat com.sam.selenium.stepDefinations.StepDefinitionsImpl.Checkout_and_submit_the_order(StepDefinitionsImpl.java:71)\r\n\tat ✽.Checkout productName_6 and submit the order(file:///D:/Automation%20Project%20POC/SeleniumJavaPOC/src/test/java/resources/features/SubmitOrder.feature:12)\r\n","steps":[],"attachments":[],"parameters":[],"attachmentStep":false,"stepsCount":0,"shouldDisplayMessage":true,"attachmentsCount":0,"hasContent":true},{"name":"Then confirmMessage_6 message is displayed in ConfirmationPage","time":{"start":1734081808454,"stop":1734081808455,"duration":1},"status":"skipped","steps":[],"attachments":[],"parameters":[],"attachmentStep":false,"stepsCount":0,"shouldDisplayMessage":false,"attachmentsCount":0,"hasContent":false}],"attachments":[],"parameters":[],"attachmentStep":false,"stepsCount":5,"shouldDisplayMessage":false,"attachmentsCount":0,"hasContent":true},"afterStages":[{"name":"com.sam.selenium.stepDefinations.Hooks.takeScreenshotOnFailure(io.cucumber.java.Scenario)","time":{"start":1734081808456,"stop":1734081809047,"duration":591},"status":"passed","steps":[],"attachments":[{"uid":"9b839460524f0329","name":"Screenshot","source":"9b839460524f0329.png","type":"image/png","size":82929}],"parameters":[],"attachmentStep":false,"stepsCount":0,"shouldDisplayMessage":false,"attachmentsCount":1,"hasContent":true}],"labels":[{"name":"tag","value":"RegressionTest"},{"name":"tag","value":"Regression"},{"name":"host","value":"TRD-LAP-231"},{"name":"thread","value":"2088@TRD-LAP-231.main(1)"},{"name":"feature","value":"Purchase the order from Ecommerce Website"},{"name":"story","value":"Positive Test of Submitting the order"},{"name":"suite","value":"Purchase the order from Ecommerce Website"},{"name":"testClass","value":"Positive Test of Submitting the order"},{"name":"framework","value":"cucumber4jvm"},{"name":"language","value":"java"},{"name":"gherkin_uri","value":"file:///D:/Automation%20Project%20POC/SeleniumJavaPOC/src/test/java/resources/features/SubmitOrder.feature"},{"name":"package","value":"src.test.java.resources.features.SubmitOrder_feature.Purchase the order from Ecommerce Website"},{"name":"resultFormat","value":"allure2"}],"parameters":[{"name":"confirmMessage","value":"confirmMessage_6"},{"name":"email","value":"email_6"},{"name":"password","value":"password_6"},{"name":"productName","value":"productName_6"}],"links":[],"hidden":true,"retry":true,"extra":{"categories":[],"tags":["Regression","RegressionTest"]},"source":"16f173ac75ac602b.json","parameterValues":["confirmMessage_6","email_6","password_6","productName_6"]}