{"uid":"4a1a41f4a87d2a34","name":"Positive Test of Submitting the order","fullName":"src/test/java/resources/features/SubmitOrder.feature:17","historyId":"d042e09e6100f7e3cfa286c0581e0b24","time":{"start":1734081747429,"stop":1734081757195,"duration":9766},"description":"  I want to use this template for my feature file","descriptionHtml":"<p>I want to use this template for my feature file</p>\n","status":"broken","statusMessage":"element click intercepted: Element is not clickable at point (1085, 645)\n  (Session info: chrome=131.0.6778.110)\nBuild info: version: '4.22.0', revision: 'c5f3146703*'\nSystem info: os.name: 'Windows 10', os.arch: 'amd64', os.version: '10.0', java.version: '21.0.4'\nDriver info: org.openqa.selenium.chrome.ChromeDriver\nCommand: [16ac49e58f1e42baaf55b0c778793f12, clickElement {id=f.AFDE2AE93461F4B53A9356AC2FF71A85.d.493B752FFB46255EFE51CA054D0E6A1A.e.123}]\nCapabilities {acceptInsecureCerts: false, browserName: chrome, browserVersion: 131.0.6778.110, chrome: {chromedriverVersion: 131.0.6778.108 (3b014839fbc..., userDataDir: C:\\Users\\Kaushal\\AppData\\Lo...}, fedcm:accounts: true, goog:chromeOptions: {debuggerAddress: localhost:56809}, networkConnectionEnabled: false, pageLoadStrategy: normal, platformName: windows, proxy: Proxy(), se:cdp: ws://localhost:56809/devtoo..., se:cdpVersion: 131.0.6778.110, setWindowRect: true, strictFileInteractability: false, timeouts: {implicit: 0, pageLoad: 300000, script: 30000}, unhandledPromptBehavior: dismiss and notify, webauthn:extension:credBlob: true, webauthn:extension:largeBlob: true, webauthn:extension:minPinLength: true, webauthn:extension:prf: true, webauthn:virtualAuthenticators: true}\nElement: [[ChromeDriver: chrome on windows (16ac49e58f1e42baaf55b0c778793f12)] -> css selector: .action__submit]\nSession ID: 16ac49e58f1e42baaf55b0c778793f12","statusTrace":"org.openqa.selenium.ElementClickInterceptedException: element click intercepted: Element is not clickable at point (1085, 645)\n  (Session info: chrome=131.0.6778.110)\nBuild info: version: '4.22.0', revision: 'c5f3146703*'\nSystem info: os.name: 'Windows 10', os.arch: 'amd64', os.version: '10.0', java.version: '21.0.4'\nDriver info: org.openqa.selenium.chrome.ChromeDriver\nCommand: [16ac49e58f1e42baaf55b0c778793f12, clickElement {id=f.AFDE2AE93461F4B53A9356AC2FF71A85.d.493B752FFB46255EFE51CA054D0E6A1A.e.123}]\nCapabilities {acceptInsecureCerts: false, browserName: chrome, browserVersion: 131.0.6778.110, chrome: {chromedriverVersion: 131.0.6778.108 (3b014839fbc..., userDataDir: C:\\Users\\Kaushal\\AppData\\Lo...}, fedcm:accounts: true, goog:chromeOptions: {debuggerAddress: localhost:56809}, networkConnectionEnabled: false, pageLoadStrategy: normal, platformName: windows, proxy: Proxy(), se:cdp: ws://localhost:56809/devtoo..., se:cdpVersion: 131.0.6778.110, setWindowRect: true, strictFileInteractability: false, timeouts: {implicit: 0, pageLoad: 300000, script: 30000}, unhandledPromptBehavior: dismiss and notify, webauthn:extension:credBlob: true, webauthn:extension:largeBlob: true, webauthn:extension:minPinLength: true, webauthn:extension:prf: true, webauthn:virtualAuthenticators: true}\nElement: [[ChromeDriver: chrome on windows (16ac49e58f1e42baaf55b0c778793f12)] -> css selector: .action__submit]\nSession ID: 16ac49e58f1e42baaf55b0c778793f12\r\n\tat java.base/jdk.internal.reflect.DirectConstructorHandleAccessor.newInstance(DirectConstructorHandleAccessor.java:62)\r\n\tat java.base/java.lang.reflect.Constructor.newInstanceWithCaller(Constructor.java:502)\r\n\tat java.base/java.lang.reflect.Constructor.newInstance(Constructor.java:486)\r\n\tat org.openqa.selenium.remote.ErrorCodec.decode(ErrorCodec.java:167)\r\n\tat org.openqa.selenium.remote.codec.w3c.W3CHttpResponseCodec.decode(W3CHttpResponseCodec.java:138)\r\n\tat org.openqa.selenium.remote.codec.w3c.W3CHttpResponseCodec.decode(W3CHttpResponseCodec.java:50)\r\n\tat org.openqa.selenium.remote.HttpCommandExecutor.execute(HttpCommandExecutor.java:190)\r\n\tat org.openqa.selenium.remote.service.DriverCommandExecutor.invokeExecute(DriverCommandExecutor.java:216)\r\n\tat org.openqa.selenium.remote.service.DriverCommandExecutor.execute(DriverCommandExecutor.java:174)\r\n\tat org.openqa.selenium.remote.RemoteWebDriver.execute(RemoteWebDriver.java:518)\r\n\tat org.openqa.selenium.remote.RemoteWebElement.execute(RemoteWebElement.java:223)\r\n\tat org.openqa.selenium.remote.RemoteWebElement.click(RemoteWebElement.java:76)\r\n\tat com.sam.selenium.CommonMethods.CommonMethod.clickElement(CommonMethod.java:25)\r\n\tat com.sam.selenium.pageObjects.CheckoutPage.submitOrder(CheckoutPage.java:31)\r\n\tat com.sam.selenium.stepDefinations.StepDefinitionsImpl.Checkout_and_submit_the_order(StepDefinitionsImpl.java:71)\r\n\tat ✽.Checkout productName_1 and submit the order(file:///D:/Automation%20Project%20POC/SeleniumJavaPOC/src/test/java/resources/features/SubmitOrder.feature:12)\r\n","flaky":false,"newFailed":false,"newBroken":false,"newPassed":false,"retriesCount":0,"retriesStatusChange":false,"beforeStages":[{"name":"com.sam.selenium.stepDefinations.StepDefinitionsImpl.setUp()","time":{"start":1734081747429,"stop":1734081749986,"duration":2557},"status":"passed","steps":[],"attachments":[],"parameters":[],"attachmentStep":false,"stepsCount":0,"shouldDisplayMessage":false,"attachmentsCount":0,"hasContent":false}],"testStage":{"description":"  I want to use this template for my feature file","status":"broken","statusMessage":"element click intercepted: Element is not clickable at point (1085, 645)\n  (Session info: chrome=131.0.6778.110)\nBuild info: version: '4.22.0', revision: 'c5f3146703*'\nSystem info: os.name: 'Windows 10', os.arch: 'amd64', os.version: '10.0', java.version: '21.0.4'\nDriver info: org.openqa.selenium.chrome.ChromeDriver\nCommand: [16ac49e58f1e42baaf55b0c778793f12, clickElement {id=f.AFDE2AE93461F4B53A9356AC2FF71A85.d.493B752FFB46255EFE51CA054D0E6A1A.e.123}]\nCapabilities {acceptInsecureCerts: false, browserName: chrome, browserVersion: 131.0.6778.110, chrome: {chromedriverVersion: 131.0.6778.108 (3b014839fbc..., userDataDir: C:\\Users\\Kaushal\\AppData\\Lo...}, fedcm:accounts: true, goog:chromeOptions: {debuggerAddress: localhost:56809}, networkConnectionEnabled: false, pageLoadStrategy: normal, platformName: windows, proxy: Proxy(), se:cdp: ws://localhost:56809/devtoo..., se:cdpVersion: 131.0.6778.110, setWindowRect: true, strictFileInteractability: false, timeouts: {implicit: 0, pageLoad: 300000, script: 30000}, unhandledPromptBehavior: dismiss and notify, webauthn:extension:credBlob: true, webauthn:extension:largeBlob: true, webauthn:extension:minPinLength: true, webauthn:extension:prf: true, webauthn:virtualAuthenticators: true}\nElement: [[ChromeDriver: chrome on windows (16ac49e58f1e42baaf55b0c778793f12)] -> css selector: .action__submit]\nSession ID: 16ac49e58f1e42baaf55b0c778793f12","statusTrace":"org.openqa.selenium.ElementClickInterceptedException: element click intercepted: Element is not clickable at point (1085, 645)\n  (Session info: chrome=131.0.6778.110)\nBuild info: version: '4.22.0', revision: 'c5f3146703*'\nSystem info: os.name: 'Windows 10', os.arch: 'amd64', os.version: '10.0', java.version: '21.0.4'\nDriver info: org.openqa.selenium.chrome.ChromeDriver\nCommand: [16ac49e58f1e42baaf55b0c778793f12, clickElement {id=f.AFDE2AE93461F4B53A9356AC2FF71A85.d.493B752FFB46255EFE51CA054D0E6A1A.e.123}]\nCapabilities {acceptInsecureCerts: false, browserName: chrome, browserVersion: 131.0.6778.110, chrome: {chromedriverVersion: 131.0.6778.108 (3b014839fbc..., userDataDir: C:\\Users\\Kaushal\\AppData\\Lo...}, fedcm:accounts: true, goog:chromeOptions: {debuggerAddress: localhost:56809}, networkConnectionEnabled: false, pageLoadStrategy: normal, platformName: windows, proxy: Proxy(), se:cdp: ws://localhost:56809/devtoo..., se:cdpVersion: 131.0.6778.110, setWindowRect: true, strictFileInteractability: false, timeouts: {implicit: 0, pageLoad: 300000, script: 30000}, unhandledPromptBehavior: dismiss and notify, webauthn:extension:credBlob: true, webauthn:extension:largeBlob: true, webauthn:extension:minPinLength: true, webauthn:extension:prf: true, webauthn:virtualAuthenticators: true}\nElement: [[ChromeDriver: chrome on windows (16ac49e58f1e42baaf55b0c778793f12)] -> css selector: .action__submit]\nSession ID: 16ac49e58f1e42baaf55b0c778793f12\r\n\tat java.base/jdk.internal.reflect.DirectConstructorHandleAccessor.newInstance(DirectConstructorHandleAccessor.java:62)\r\n\tat java.base/java.lang.reflect.Constructor.newInstanceWithCaller(Constructor.java:502)\r\n\tat java.base/java.lang.reflect.Constructor.newInstance(Constructor.java:486)\r\n\tat org.openqa.selenium.remote.ErrorCodec.decode(ErrorCodec.java:167)\r\n\tat org.openqa.selenium.remote.codec.w3c.W3CHttpResponseCodec.decode(W3CHttpResponseCodec.java:138)\r\n\tat org.openqa.selenium.remote.codec.w3c.W3CHttpResponseCodec.decode(W3CHttpResponseCodec.java:50)\r\n\tat org.openqa.selenium.remote.HttpCommandExecutor.execute(HttpCommandExecutor.java:190)\r\n\tat org.openqa.selenium.remote.service.DriverCommandExecutor.invokeExecute(DriverCommandExecutor.java:216)\r\n\tat org.openqa.selenium.remote.service.DriverCommandExecutor.execute(DriverCommandExecutor.java:174)\r\n\tat org.openqa.selenium.remote.RemoteWebDriver.execute(RemoteWebDriver.java:518)\r\n\tat org.openqa.selenium.remote.RemoteWebElement.execute(RemoteWebElement.java:223)\r\n\tat org.openqa.selenium.remote.RemoteWebElement.click(RemoteWebElement.java:76)\r\n\tat com.sam.selenium.CommonMethods.CommonMethod.clickElement(CommonMethod.java:25)\r\n\tat com.sam.selenium.pageObjects.CheckoutPage.submitOrder(CheckoutPage.java:31)\r\n\tat com.sam.selenium.stepDefinations.StepDefinitionsImpl.Checkout_and_submit_the_order(StepDefinitionsImpl.java:71)\r\n\tat ✽.Checkout productName_1 and submit the order(file:///D:/Automation%20Project%20POC/SeleniumJavaPOC/src/test/java/resources/features/SubmitOrder.feature:12)\r\n","steps":[{"name":"Given I landed on Ecommerce Page","time":{"start":1734081749999,"stop":1734081751161,"duration":1162},"status":"passed","steps":[],"attachments":[],"parameters":[],"attachmentStep":false,"stepsCount":0,"shouldDisplayMessage":false,"attachmentsCount":0,"hasContent":false},{"name":"Given Logged in with username email_1 and password password_1","time":{"start":1734081751161,"stop":1734081751970,"duration":809},"status":"passed","steps":[],"attachments":[],"parameters":[],"attachmentStep":false,"stepsCount":0,"shouldDisplayMessage":false,"attachmentsCount":0,"hasContent":false},{"name":"When I add product productName_1 to Cart","time":{"start":1734081751970,"stop":1734081754064,"duration":2094},"status":"passed","steps":[],"attachments":[],"parameters":[],"attachmentStep":false,"stepsCount":0,"shouldDisplayMessage":false,"attachmentsCount":0,"hasContent":false},{"name":"And Checkout productName_1 and submit the order","time":{"start":1734081754065,"stop":1734081756677,"duration":2612},"status":"broken","statusMessage":"element click intercepted: Element is not clickable at point (1085, 645)\n  (Session info: chrome=131.0.6778.110)\nBuild info: version: '4.22.0', revision: 'c5f3146703*'\nSystem info: os.name: 'Windows 10', os.arch: 'amd64', os.version: '10.0', java.version: '21.0.4'\nDriver info: org.openqa.selenium.chrome.ChromeDriver\nCommand: [16ac49e58f1e42baaf55b0c778793f12, clickElement {id=f.AFDE2AE93461F4B53A9356AC2FF71A85.d.493B752FFB46255EFE51CA054D0E6A1A.e.123}]\nCapabilities {acceptInsecureCerts: false, browserName: chrome, browserVersion: 131.0.6778.110, chrome: {chromedriverVersion: 131.0.6778.108 (3b014839fbc..., userDataDir: C:\\Users\\Kaushal\\AppData\\Lo...}, fedcm:accounts: true, goog:chromeOptions: {debuggerAddress: localhost:56809}, networkConnectionEnabled: false, pageLoadStrategy: normal, platformName: windows, proxy: Proxy(), se:cdp: ws://localhost:56809/devtoo..., se:cdpVersion: 131.0.6778.110, setWindowRect: true, strictFileInteractability: false, timeouts: {implicit: 0, pageLoad: 300000, script: 30000}, unhandledPromptBehavior: dismiss and notify, webauthn:extension:credBlob: true, webauthn:extension:largeBlob: true, webauthn:extension:minPinLength: true, webauthn:extension:prf: true, webauthn:virtualAuthenticators: true}\nElement: [[ChromeDriver: chrome on windows (16ac49e58f1e42baaf55b0c778793f12)] -> css selector: .action__submit]\nSession ID: 16ac49e58f1e42baaf55b0c778793f12","statusTrace":"org.openqa.selenium.ElementClickInterceptedException: element click intercepted: Element is not clickable at point (1085, 645)\n  (Session info: chrome=131.0.6778.110)\nBuild info: version: '4.22.0', revision: 'c5f3146703*'\nSystem info: os.name: 'Windows 10', os.arch: 'amd64', os.version: '10.0', java.version: '21.0.4'\nDriver info: org.openqa.selenium.chrome.ChromeDriver\nCommand: [16ac49e58f1e42baaf55b0c778793f12, clickElement {id=f.AFDE2AE93461F4B53A9356AC2FF71A85.d.493B752FFB46255EFE51CA054D0E6A1A.e.123}]\nCapabilities {acceptInsecureCerts: false, browserName: chrome, browserVersion: 131.0.6778.110, chrome: {chromedriverVersion: 131.0.6778.108 (3b014839fbc..., userDataDir: C:\\Users\\Kaushal\\AppData\\Lo...}, fedcm:accounts: true, goog:chromeOptions: {debuggerAddress: localhost:56809}, networkConnectionEnabled: false, pageLoadStrategy: normal, platformName: windows, proxy: Proxy(), se:cdp: ws://localhost:56809/devtoo..., se:cdpVersion: 131.0.6778.110, setWindowRect: true, strictFileInteractability: false, timeouts: {implicit: 0, pageLoad: 300000, script: 30000}, unhandledPromptBehavior: dismiss and notify, webauthn:extension:credBlob: true, webauthn:extension:largeBlob: true, webauthn:extension:minPinLength: true, webauthn:extension:prf: true, webauthn:virtualAuthenticators: true}\nElement: [[ChromeDriver: chrome on windows (16ac49e58f1e42baaf55b0c778793f12)] -> css selector: .action__submit]\nSession ID: 16ac49e58f1e42baaf55b0c778793f12\r\n\tat java.base/jdk.internal.reflect.DirectConstructorHandleAccessor.newInstance(DirectConstructorHandleAccessor.java:62)\r\n\tat java.base/java.lang.reflect.Constructor.newInstanceWithCaller(Constructor.java:502)\r\n\tat java.base/java.lang.reflect.Constructor.newInstance(Constructor.java:486)\r\n\tat org.openqa.selenium.remote.ErrorCodec.decode(ErrorCodec.java:167)\r\n\tat org.openqa.selenium.remote.codec.w3c.W3CHttpResponseCodec.decode(W3CHttpResponseCodec.java:138)\r\n\tat org.openqa.selenium.remote.codec.w3c.W3CHttpResponseCodec.decode(W3CHttpResponseCodec.java:50)\r\n\tat org.openqa.selenium.remote.HttpCommandExecutor.execute(HttpCommandExecutor.java:190)\r\n\tat org.openqa.selenium.remote.service.DriverCommandExecutor.invokeExecute(DriverCommandExecutor.java:216)\r\n\tat org.openqa.selenium.remote.service.DriverCommandExecutor.execute(DriverCommandExecutor.java:174)\r\n\tat org.openqa.selenium.remote.RemoteWebDriver.execute(RemoteWebDriver.java:518)\r\n\tat org.openqa.selenium.remote.RemoteWebElement.execute(RemoteWebElement.java:223)\r\n\tat org.openqa.selenium.remote.RemoteWebElement.click(RemoteWebElement.java:76)\r\n\tat com.sam.selenium.CommonMethods.CommonMethod.clickElement(CommonMethod.java:25)\r\n\tat com.sam.selenium.pageObjects.CheckoutPage.submitOrder(CheckoutPage.java:31)\r\n\tat com.sam.selenium.stepDefinations.StepDefinitionsImpl.Checkout_and_submit_the_order(StepDefinitionsImpl.java:71)\r\n\tat ✽.Checkout productName_1 and submit the order(file:///D:/Automation%20Project%20POC/SeleniumJavaPOC/src/test/java/resources/features/SubmitOrder.feature:12)\r\n","steps":[],"attachments":[],"parameters":[],"attachmentStep":false,"stepsCount":0,"shouldDisplayMessage":true,"attachmentsCount":0,"hasContent":true},{"name":"Then confirmMessage_1 message is displayed in ConfirmationPage","time":{"start":1734081756678,"stop":1734081756679,"duration":1},"status":"skipped","steps":[],"attachments":[],"parameters":[],"attachmentStep":false,"stepsCount":0,"shouldDisplayMessage":false,"attachmentsCount":0,"hasContent":false}],"attachments":[],"parameters":[],"attachmentStep":false,"stepsCount":5,"shouldDisplayMessage":false,"attachmentsCount":0,"hasContent":true},"afterStages":[{"name":"com.sam.selenium.stepDefinations.Hooks.takeScreenshotOnFailure(io.cucumber.java.Scenario)","time":{"start":1734081756679,"stop":1734081757191,"duration":512},"status":"passed","steps":[],"attachments":[{"uid":"f5b53729580f84c9","name":"Screenshot","source":"f5b53729580f84c9.png","type":"image/png","size":131872}],"parameters":[],"attachmentStep":false,"stepsCount":0,"shouldDisplayMessage":false,"attachmentsCount":1,"hasContent":true}],"labels":[{"name":"tag","value":"RegressionTest"},{"name":"tag","value":"Regression"},{"name":"host","value":"TRD-LAP-231"},{"name":"thread","value":"2088@TRD-LAP-231.main(1)"},{"name":"feature","value":"Purchase the order from Ecommerce Website"},{"name":"story","value":"Positive Test of Submitting the order"},{"name":"suite","value":"Purchase the order from Ecommerce Website"},{"name":"testClass","value":"Positive Test of Submitting the order"},{"name":"framework","value":"cucumber4jvm"},{"name":"language","value":"java"},{"name":"gherkin_uri","value":"file:///D:/Automation%20Project%20POC/SeleniumJavaPOC/src/test/java/resources/features/SubmitOrder.feature"},{"name":"package","value":"src.test.java.resources.features.SubmitOrder_feature.Purchase the order from Ecommerce Website"},{"name":"resultFormat","value":"allure2"}],"parameters":[{"name":"confirmMessage","value":"confirmMessage_1"},{"name":"email","value":"email_1"},{"name":"password","value":"password_1"},{"name":"productName","value":"productName_1"}],"links":[],"hidden":true,"retry":true,"extra":{"categories":[],"tags":["Regression","RegressionTest"]},"source":"4a1a41f4a87d2a34.json","parameterValues":["confirmMessage_1","email_1","password_1","productName_1"]}