{"uid":"c428abfd516ee64","name":"Error Validation","fullName":"src/test/java/resources/features/ErrorValidation.feature:13","historyId":"7748e01b36262942b9f02c48c4547f1f","time":{"start":1734079522194,"stop":1734079529469,"duration":7275},"description":"  I want to use this template for my feature file","descriptionHtml":"<p>I want to use this template for my feature file</p>\n","status":"failed","statusMessage":"expected [Incorrect email or password.] but found [Incorrect email password.]","statusTrace":"java.lang.AssertionError: expected [Incorrect email or password.] but found [Incorrect email password.]\r\n\tat org.testng.Assert.fail(Assert.java:111)\r\n\tat org.testng.Assert.failNotEquals(Assert.java:1578)\r\n\tat org.testng.Assert.assertEqualsImpl(Assert.java:150)\r\n\tat org.testng.Assert.assertEquals(Assert.java:132)\r\n\tat org.testng.Assert.assertEquals(Assert.java:656)\r\n\tat org.testng.Assert.assertEquals(Assert.java:666)\r\n\tat com.sam.selenium.stepDefinations.StepDefinitionsImpl.message_is_displayed(StepDefinitionsImpl.java:86)\r\n\tat ✽.errorMessage_3 message is displayed(file:///D:/Automation%20Project%20POC/SeleniumJavaPOC/src/test/java/resources/features/ErrorValidation.feature:9)\r\n","flaky":false,"newFailed":false,"newBroken":false,"newPassed":false,"retriesCount":0,"retriesStatusChange":false,"beforeStages":[{"name":"com.sam.selenium.stepDefinations.StepDefinitionsImpl.setUp()","time":{"start":1734079522197,"stop":1734079526591,"duration":4394},"status":"passed","steps":[],"attachments":[],"parameters":[],"attachmentStep":false,"stepsCount":0,"shouldDisplayMessage":false,"attachmentsCount":0,"hasContent":false}],"testStage":{"description":"  I want to use this template for my feature file","status":"failed","statusMessage":"expected [Incorrect email or password.] but found [Incorrect email password.]","statusTrace":"java.lang.AssertionError: expected [Incorrect email or password.] but found [Incorrect email password.]\r\n\tat org.testng.Assert.fail(Assert.java:111)\r\n\tat org.testng.Assert.failNotEquals(Assert.java:1578)\r\n\tat org.testng.Assert.assertEqualsImpl(Assert.java:150)\r\n\tat org.testng.Assert.assertEquals(Assert.java:132)\r\n\tat org.testng.Assert.assertEquals(Assert.java:656)\r\n\tat org.testng.Assert.assertEquals(Assert.java:666)\r\n\tat com.sam.selenium.stepDefinations.StepDefinitionsImpl.message_is_displayed(StepDefinitionsImpl.java:86)\r\n\tat ✽.errorMessage_3 message is displayed(file:///D:/Automation%20Project%20POC/SeleniumJavaPOC/src/test/java/resources/features/ErrorValidation.feature:9)\r\n","steps":[{"name":"Given I landed on Ecommerce Page","time":{"start":1734079526650,"stop":1734079528218,"duration":1568},"status":"passed","steps":[],"attachments":[],"parameters":[],"attachmentStep":false,"stepsCount":0,"shouldDisplayMessage":false,"attachmentsCount":0,"hasContent":false},{"name":"When Logged in with username email_3 and password password_3","time":{"start":1734079528221,"stop":1734079528763,"duration":542},"status":"passed","steps":[],"attachments":[],"parameters":[],"attachmentStep":false,"stepsCount":0,"shouldDisplayMessage":false,"attachmentsCount":0,"hasContent":false},{"name":"Then errorMessage_3 message is displayed","time":{"start":1734079528763,"stop":1734079528922,"duration":159},"status":"failed","statusMessage":"expected [Incorrect email or password.] but found [Incorrect email password.]","statusTrace":"java.lang.AssertionError: expected [Incorrect email or password.] but found [Incorrect email password.]\r\n\tat org.testng.Assert.fail(Assert.java:111)\r\n\tat org.testng.Assert.failNotEquals(Assert.java:1578)\r\n\tat org.testng.Assert.assertEqualsImpl(Assert.java:150)\r\n\tat org.testng.Assert.assertEquals(Assert.java:132)\r\n\tat org.testng.Assert.assertEquals(Assert.java:656)\r\n\tat org.testng.Assert.assertEquals(Assert.java:666)\r\n\tat com.sam.selenium.stepDefinations.StepDefinitionsImpl.message_is_displayed(StepDefinitionsImpl.java:86)\r\n\tat ✽.errorMessage_3 message is displayed(file:///D:/Automation%20Project%20POC/SeleniumJavaPOC/src/test/java/resources/features/ErrorValidation.feature:9)\r\n","steps":[],"attachments":[],"parameters":[],"attachmentStep":false,"stepsCount":0,"shouldDisplayMessage":true,"attachmentsCount":0,"hasContent":true}],"attachments":[],"parameters":[],"attachmentStep":false,"stepsCount":3,"shouldDisplayMessage":false,"attachmentsCount":0,"hasContent":true},"afterStages":[{"name":"com.sam.selenium.stepDefinations.Hooks.takeScreenshotOnFailure(io.cucumber.java.Scenario)","time":{"start":1734079528923,"stop":1734079529464,"duration":541},"status":"passed","steps":[],"attachments":[{"uid":"68a3178b932dcb66","name":"Screenshot","source":"68a3178b932dcb66.png","type":"image/png","size":44522}],"parameters":[],"attachmentStep":false,"stepsCount":0,"shouldDisplayMessage":false,"attachmentsCount":1,"hasContent":true}],"labels":[{"name":"tag","value":"SmokeTest"},{"name":"tag","value":"ErrorValidation"},{"name":"host","value":"TRD-LAP-231"},{"name":"thread","value":"13424@TRD-LAP-231.main(1)"},{"name":"feature","value":"Error Validation"},{"name":"story","value":"Error Validation"},{"name":"suite","value":"Error Validation"},{"name":"testClass","value":"Error Validation"},{"name":"framework","value":"cucumber4jvm"},{"name":"language","value":"java"},{"name":"gherkin_uri","value":"file:///D:/Automation%20Project%20POC/SeleniumJavaPOC/src/test/java/resources/features/ErrorValidation.feature"},{"name":"package","value":"src.test.java.resources.features.ErrorValidation_feature.Error Validation"},{"name":"resultFormat","value":"allure2"}],"parameters":[{"name":"errorMessage","value":"errorMessage_3"},{"name":"name","value":"email_3"},{"name":"password","value":"password_3"}],"links":[],"hidden":true,"retry":true,"extra":{"categories":[],"tags":["SmokeTest","ErrorValidation"]},"source":"c428abfd516ee64.json","parameterValues":["errorMessage_3","email_3","password_3"]}