{"uid":"d03e3dde03520b4c","name":"Positive Test of Submitting the order","fullName":"src/test/java/resources/features/SubmitOrder.feature:19","historyId":"74ca671695e9b457f3596e2f425d348f","time":{"start":1734081387898,"stop":1734081397155,"duration":9257},"description":"  I want to use this template for my feature file","descriptionHtml":"<p>I want to use this template for my feature file</p>\n","status":"broken","statusMessage":"element click intercepted: Element is not clickable at point (1085, 645)\n  (Session info: chrome=131.0.6778.110)\nBuild info: version: '4.22.0', revision: 'c5f3146703*'\nSystem info: os.name: 'Windows 10', os.arch: 'amd64', os.version: '10.0', java.version: '21.0.4'\nDriver info: org.openqa.selenium.chrome.ChromeDriver\nCommand: [0ffff17a641e4e0e9645fe759e3e4f35, clickElement {id=f.DE839579CFAB7801F59283C12AFA7A3C.d.0848CD59638AF30FFAA01760F5689FEE.e.126}]\nCapabilities {acceptInsecureCerts: false, browserName: chrome, browserVersion: 131.0.6778.110, chrome: {chromedriverVersion: 131.0.6778.108 (3b014839fbc..., userDataDir: C:\\Users\\Kaushal\\AppData\\Lo...}, fedcm:accounts: true, goog:chromeOptions: {debuggerAddress: localhost:56551}, networkConnectionEnabled: false, pageLoadStrategy: normal, platformName: windows, proxy: Proxy(), se:cdp: ws://localhost:56551/devtoo..., se:cdpVersion: 131.0.6778.110, setWindowRect: true, strictFileInteractability: false, timeouts: {implicit: 0, pageLoad: 300000, script: 30000}, unhandledPromptBehavior: dismiss and notify, webauthn:extension:credBlob: true, webauthn:extension:largeBlob: true, webauthn:extension:minPinLength: true, webauthn:extension:prf: true, webauthn:virtualAuthenticators: true}\nElement: [[ChromeDriver: chrome on windows (0ffff17a641e4e0e9645fe759e3e4f35)] -> css selector: .action__submit]\nSession ID: 0ffff17a641e4e0e9645fe759e3e4f35","statusTrace":"org.openqa.selenium.ElementClickInterceptedException: element click intercepted: Element is not clickable at point (1085, 645)\n  (Session info: chrome=131.0.6778.110)\nBuild info: version: '4.22.0', revision: 'c5f3146703*'\nSystem info: os.name: 'Windows 10', os.arch: 'amd64', os.version: '10.0', java.version: '21.0.4'\nDriver info: org.openqa.selenium.chrome.ChromeDriver\nCommand: [0ffff17a641e4e0e9645fe759e3e4f35, clickElement {id=f.DE839579CFAB7801F59283C12AFA7A3C.d.0848CD59638AF30FFAA01760F5689FEE.e.126}]\nCapabilities {acceptInsecureCerts: false, browserName: chrome, browserVersion: 131.0.6778.110, chrome: {chromedriverVersion: 131.0.6778.108 (3b014839fbc..., userDataDir: C:\\Users\\Kaushal\\AppData\\Lo...}, fedcm:accounts: true, goog:chromeOptions: {debuggerAddress: localhost:56551}, networkConnectionEnabled: false, pageLoadStrategy: normal, platformName: windows, proxy: Proxy(), se:cdp: ws://localhost:56551/devtoo..., se:cdpVersion: 131.0.6778.110, setWindowRect: true, strictFileInteractability: false, timeouts: {implicit: 0, pageLoad: 300000, script: 30000}, unhandledPromptBehavior: dismiss and notify, webauthn:extension:credBlob: true, webauthn:extension:largeBlob: true, webauthn:extension:minPinLength: true, webauthn:extension:prf: true, webauthn:virtualAuthenticators: true}\nElement: [[ChromeDriver: chrome on windows (0ffff17a641e4e0e9645fe759e3e4f35)] -> css selector: .action__submit]\nSession ID: 0ffff17a641e4e0e9645fe759e3e4f35\r\n\tat java.base/jdk.internal.reflect.DirectConstructorHandleAccessor.newInstance(DirectConstructorHandleAccessor.java:62)\r\n\tat java.base/java.lang.reflect.Constructor.newInstanceWithCaller(Constructor.java:502)\r\n\tat java.base/java.lang.reflect.Constructor.newInstance(Constructor.java:486)\r\n\tat org.openqa.selenium.remote.ErrorCodec.decode(ErrorCodec.java:167)\r\n\tat org.openqa.selenium.remote.codec.w3c.W3CHttpResponseCodec.decode(W3CHttpResponseCodec.java:138)\r\n\tat org.openqa.selenium.remote.codec.w3c.W3CHttpResponseCodec.decode(W3CHttpResponseCodec.java:50)\r\n\tat org.openqa.selenium.remote.HttpCommandExecutor.execute(HttpCommandExecutor.java:190)\r\n\tat org.openqa.selenium.remote.service.DriverCommandExecutor.invokeExecute(DriverCommandExecutor.java:216)\r\n\tat org.openqa.selenium.remote.service.DriverCommandExecutor.execute(DriverCommandExecutor.java:174)\r\n\tat org.openqa.selenium.remote.RemoteWebDriver.execute(RemoteWebDriver.java:518)\r\n\tat org.openqa.selenium.remote.RemoteWebElement.execute(RemoteWebElement.java:223)\r\n\tat org.openqa.selenium.remote.RemoteWebElement.click(RemoteWebElement.java:76)\r\n\tat com.sam.selenium.CommonMethods.CommonMethod.clickElement(CommonMethod.java:25)\r\n\tat com.sam.selenium.pageObjects.CheckoutPage.submitOrder(CheckoutPage.java:31)\r\n\tat com.sam.selenium.stepDefinations.StepDefinitionsImpl.Checkout_and_submit_the_order(StepDefinitionsImpl.java:71)\r\n\tat ✽.Checkout productName_5 and submit the order(file:///D:/Automation%20Project%20POC/SeleniumJavaPOC/src/test/java/resources/features/SubmitOrder.feature:12)\r\n","flaky":false,"newFailed":false,"newBroken":false,"newPassed":false,"retriesCount":0,"retriesStatusChange":false,"beforeStages":[{"name":"com.sam.selenium.stepDefinations.StepDefinitionsImpl.setUp()","time":{"start":1734081387898,"stop":1734081390598,"duration":2700},"status":"passed","steps":[],"attachments":[],"parameters":[],"attachmentStep":false,"stepsCount":0,"shouldDisplayMessage":false,"attachmentsCount":0,"hasContent":false}],"testStage":{"description":"  I want to use this template for my feature file","status":"broken","statusMessage":"element click intercepted: Element is not clickable at point (1085, 645)\n  (Session info: chrome=131.0.6778.110)\nBuild info: version: '4.22.0', revision: 'c5f3146703*'\nSystem info: os.name: 'Windows 10', os.arch: 'amd64', os.version: '10.0', java.version: '21.0.4'\nDriver info: org.openqa.selenium.chrome.ChromeDriver\nCommand: [0ffff17a641e4e0e9645fe759e3e4f35, clickElement {id=f.DE839579CFAB7801F59283C12AFA7A3C.d.0848CD59638AF30FFAA01760F5689FEE.e.126}]\nCapabilities {acceptInsecureCerts: false, browserName: chrome, browserVersion: 131.0.6778.110, chrome: {chromedriverVersion: 131.0.6778.108 (3b014839fbc..., userDataDir: C:\\Users\\Kaushal\\AppData\\Lo...}, fedcm:accounts: true, goog:chromeOptions: {debuggerAddress: localhost:56551}, networkConnectionEnabled: false, pageLoadStrategy: normal, platformName: windows, proxy: Proxy(), se:cdp: ws://localhost:56551/devtoo..., se:cdpVersion: 131.0.6778.110, setWindowRect: true, strictFileInteractability: false, timeouts: {implicit: 0, pageLoad: 300000, script: 30000}, unhandledPromptBehavior: dismiss and notify, webauthn:extension:credBlob: true, webauthn:extension:largeBlob: true, webauthn:extension:minPinLength: true, webauthn:extension:prf: true, webauthn:virtualAuthenticators: true}\nElement: [[ChromeDriver: chrome on windows (0ffff17a641e4e0e9645fe759e3e4f35)] -> css selector: .action__submit]\nSession ID: 0ffff17a641e4e0e9645fe759e3e4f35","statusTrace":"org.openqa.selenium.ElementClickInterceptedException: element click intercepted: Element is not clickable at point (1085, 645)\n  (Session info: chrome=131.0.6778.110)\nBuild info: version: '4.22.0', revision: 'c5f3146703*'\nSystem info: os.name: 'Windows 10', os.arch: 'amd64', os.version: '10.0', java.version: '21.0.4'\nDriver info: org.openqa.selenium.chrome.ChromeDriver\nCommand: [0ffff17a641e4e0e9645fe759e3e4f35, clickElement {id=f.DE839579CFAB7801F59283C12AFA7A3C.d.0848CD59638AF30FFAA01760F5689FEE.e.126}]\nCapabilities {acceptInsecureCerts: false, browserName: chrome, browserVersion: 131.0.6778.110, chrome: {chromedriverVersion: 131.0.6778.108 (3b014839fbc..., userDataDir: C:\\Users\\Kaushal\\AppData\\Lo...}, fedcm:accounts: true, goog:chromeOptions: {debuggerAddress: localhost:56551}, networkConnectionEnabled: false, pageLoadStrategy: normal, platformName: windows, proxy: Proxy(), se:cdp: ws://localhost:56551/devtoo..., se:cdpVersion: 131.0.6778.110, setWindowRect: true, strictFileInteractability: false, timeouts: {implicit: 0, pageLoad: 300000, script: 30000}, unhandledPromptBehavior: dismiss and notify, webauthn:extension:credBlob: true, webauthn:extension:largeBlob: true, webauthn:extension:minPinLength: true, webauthn:extension:prf: true, webauthn:virtualAuthenticators: true}\nElement: [[ChromeDriver: chrome on windows (0ffff17a641e4e0e9645fe759e3e4f35)] -> css selector: .action__submit]\nSession ID: 0ffff17a641e4e0e9645fe759e3e4f35\r\n\tat java.base/jdk.internal.reflect.DirectConstructorHandleAccessor.newInstance(DirectConstructorHandleAccessor.java:62)\r\n\tat java.base/java.lang.reflect.Constructor.newInstanceWithCaller(Constructor.java:502)\r\n\tat java.base/java.lang.reflect.Constructor.newInstance(Constructor.java:486)\r\n\tat org.openqa.selenium.remote.ErrorCodec.decode(ErrorCodec.java:167)\r\n\tat org.openqa.selenium.remote.codec.w3c.W3CHttpResponseCodec.decode(W3CHttpResponseCodec.java:138)\r\n\tat org.openqa.selenium.remote.codec.w3c.W3CHttpResponseCodec.decode(W3CHttpResponseCodec.java:50)\r\n\tat org.openqa.selenium.remote.HttpCommandExecutor.execute(HttpCommandExecutor.java:190)\r\n\tat org.openqa.selenium.remote.service.DriverCommandExecutor.invokeExecute(DriverCommandExecutor.java:216)\r\n\tat org.openqa.selenium.remote.service.DriverCommandExecutor.execute(DriverCommandExecutor.java:174)\r\n\tat org.openqa.selenium.remote.RemoteWebDriver.execute(RemoteWebDriver.java:518)\r\n\tat org.openqa.selenium.remote.RemoteWebElement.execute(RemoteWebElement.java:223)\r\n\tat org.openqa.selenium.remote.RemoteWebElement.click(RemoteWebElement.java:76)\r\n\tat com.sam.selenium.CommonMethods.CommonMethod.clickElement(CommonMethod.java:25)\r\n\tat com.sam.selenium.pageObjects.CheckoutPage.submitOrder(CheckoutPage.java:31)\r\n\tat com.sam.selenium.stepDefinations.StepDefinitionsImpl.Checkout_and_submit_the_order(StepDefinitionsImpl.java:71)\r\n\tat ✽.Checkout productName_5 and submit the order(file:///D:/Automation%20Project%20POC/SeleniumJavaPOC/src/test/java/resources/features/SubmitOrder.feature:12)\r\n","steps":[{"name":"Given I landed on Ecommerce Page","time":{"start":1734081390603,"stop":1734081391374,"duration":771},"status":"passed","steps":[],"attachments":[],"parameters":[],"attachmentStep":false,"stepsCount":0,"shouldDisplayMessage":false,"attachmentsCount":0,"hasContent":false},{"name":"Given Logged in with username email_5 and password password_5","time":{"start":1734081391374,"stop":1734081392224,"duration":850},"status":"passed","steps":[],"attachments":[],"parameters":[],"attachmentStep":false,"stepsCount":0,"shouldDisplayMessage":false,"attachmentsCount":0,"hasContent":false},{"name":"When I add product productName_5 to Cart","time":{"start":1734081392224,"stop":1734081394271,"duration":2047},"status":"passed","steps":[],"attachments":[],"parameters":[],"attachmentStep":false,"stepsCount":0,"shouldDisplayMessage":false,"attachmentsCount":0,"hasContent":false},{"name":"And Checkout productName_5 and submit the order","time":{"start":1734081394272,"stop":1734081396683,"duration":2411},"status":"broken","statusMessage":"element click intercepted: Element is not clickable at point (1085, 645)\n  (Session info: chrome=131.0.6778.110)\nBuild info: version: '4.22.0', revision: 'c5f3146703*'\nSystem info: os.name: 'Windows 10', os.arch: 'amd64', os.version: '10.0', java.version: '21.0.4'\nDriver info: org.openqa.selenium.chrome.ChromeDriver\nCommand: [0ffff17a641e4e0e9645fe759e3e4f35, clickElement {id=f.DE839579CFAB7801F59283C12AFA7A3C.d.0848CD59638AF30FFAA01760F5689FEE.e.126}]\nCapabilities {acceptInsecureCerts: false, browserName: chrome, browserVersion: 131.0.6778.110, chrome: {chromedriverVersion: 131.0.6778.108 (3b014839fbc..., userDataDir: C:\\Users\\Kaushal\\AppData\\Lo...}, fedcm:accounts: true, goog:chromeOptions: {debuggerAddress: localhost:56551}, networkConnectionEnabled: false, pageLoadStrategy: normal, platformName: windows, proxy: Proxy(), se:cdp: ws://localhost:56551/devtoo..., se:cdpVersion: 131.0.6778.110, setWindowRect: true, strictFileInteractability: false, timeouts: {implicit: 0, pageLoad: 300000, script: 30000}, unhandledPromptBehavior: dismiss and notify, webauthn:extension:credBlob: true, webauthn:extension:largeBlob: true, webauthn:extension:minPinLength: true, webauthn:extension:prf: true, webauthn:virtualAuthenticators: true}\nElement: [[ChromeDriver: chrome on windows (0ffff17a641e4e0e9645fe759e3e4f35)] -> css selector: .action__submit]\nSession ID: 0ffff17a641e4e0e9645fe759e3e4f35","statusTrace":"org.openqa.selenium.ElementClickInterceptedException: element click intercepted: Element is not clickable at point (1085, 645)\n  (Session info: chrome=131.0.6778.110)\nBuild info: version: '4.22.0', revision: 'c5f3146703*'\nSystem info: os.name: 'Windows 10', os.arch: 'amd64', os.version: '10.0', java.version: '21.0.4'\nDriver info: org.openqa.selenium.chrome.ChromeDriver\nCommand: [0ffff17a641e4e0e9645fe759e3e4f35, clickElement {id=f.DE839579CFAB7801F59283C12AFA7A3C.d.0848CD59638AF30FFAA01760F5689FEE.e.126}]\nCapabilities {acceptInsecureCerts: false, browserName: chrome, browserVersion: 131.0.6778.110, chrome: {chromedriverVersion: 131.0.6778.108 (3b014839fbc..., userDataDir: C:\\Users\\Kaushal\\AppData\\Lo...}, fedcm:accounts: true, goog:chromeOptions: {debuggerAddress: localhost:56551}, networkConnectionEnabled: false, pageLoadStrategy: normal, platformName: windows, proxy: Proxy(), se:cdp: ws://localhost:56551/devtoo..., se:cdpVersion: 131.0.6778.110, setWindowRect: true, strictFileInteractability: false, timeouts: {implicit: 0, pageLoad: 300000, script: 30000}, unhandledPromptBehavior: dismiss and notify, webauthn:extension:credBlob: true, webauthn:extension:largeBlob: true, webauthn:extension:minPinLength: true, webauthn:extension:prf: true, webauthn:virtualAuthenticators: true}\nElement: [[ChromeDriver: chrome on windows (0ffff17a641e4e0e9645fe759e3e4f35)] -> css selector: .action__submit]\nSession ID: 0ffff17a641e4e0e9645fe759e3e4f35\r\n\tat java.base/jdk.internal.reflect.DirectConstructorHandleAccessor.newInstance(DirectConstructorHandleAccessor.java:62)\r\n\tat java.base/java.lang.reflect.Constructor.newInstanceWithCaller(Constructor.java:502)\r\n\tat java.base/java.lang.reflect.Constructor.newInstance(Constructor.java:486)\r\n\tat org.openqa.selenium.remote.ErrorCodec.decode(ErrorCodec.java:167)\r\n\tat org.openqa.selenium.remote.codec.w3c.W3CHttpResponseCodec.decode(W3CHttpResponseCodec.java:138)\r\n\tat org.openqa.selenium.remote.codec.w3c.W3CHttpResponseCodec.decode(W3CHttpResponseCodec.java:50)\r\n\tat org.openqa.selenium.remote.HttpCommandExecutor.execute(HttpCommandExecutor.java:190)\r\n\tat org.openqa.selenium.remote.service.DriverCommandExecutor.invokeExecute(DriverCommandExecutor.java:216)\r\n\tat org.openqa.selenium.remote.service.DriverCommandExecutor.execute(DriverCommandExecutor.java:174)\r\n\tat org.openqa.selenium.remote.RemoteWebDriver.execute(RemoteWebDriver.java:518)\r\n\tat org.openqa.selenium.remote.RemoteWebElement.execute(RemoteWebElement.java:223)\r\n\tat org.openqa.selenium.remote.RemoteWebElement.click(RemoteWebElement.java:76)\r\n\tat com.sam.selenium.CommonMethods.CommonMethod.clickElement(CommonMethod.java:25)\r\n\tat com.sam.selenium.pageObjects.CheckoutPage.submitOrder(CheckoutPage.java:31)\r\n\tat com.sam.selenium.stepDefinations.StepDefinitionsImpl.Checkout_and_submit_the_order(StepDefinitionsImpl.java:71)\r\n\tat ✽.Checkout productName_5 and submit the order(file:///D:/Automation%20Project%20POC/SeleniumJavaPOC/src/test/java/resources/features/SubmitOrder.feature:12)\r\n","steps":[],"attachments":[],"parameters":[],"attachmentStep":false,"stepsCount":0,"shouldDisplayMessage":true,"attachmentsCount":0,"hasContent":true},{"name":"Then confirmMessage_5 message is displayed in ConfirmationPage","time":{"start":1734081396685,"stop":1734081396687,"duration":2},"status":"skipped","steps":[],"attachments":[],"parameters":[],"attachmentStep":false,"stepsCount":0,"shouldDisplayMessage":false,"attachmentsCount":0,"hasContent":false}],"attachments":[],"parameters":[],"attachmentStep":false,"stepsCount":5,"shouldDisplayMessage":false,"attachmentsCount":0,"hasContent":true},"afterStages":[{"name":"com.sam.selenium.stepDefinations.Hooks.takeScreenshotOnFailure(io.cucumber.java.Scenario)","time":{"start":1734081396688,"stop":1734081397153,"duration":465},"status":"passed","steps":[],"attachments":[{"uid":"bc1c81f292d9085a","name":"Screenshot","source":"bc1c81f292d9085a.png","type":"image/png","size":139585}],"parameters":[],"attachmentStep":false,"stepsCount":0,"shouldDisplayMessage":false,"attachmentsCount":1,"hasContent":true}],"labels":[{"name":"tag","value":"RegressionTest"},{"name":"tag","value":"Regression"},{"name":"host","value":"TRD-LAP-231"},{"name":"thread","value":"292@TRD-LAP-231.main(1)"},{"name":"feature","value":"Purchase the order from Ecommerce Website"},{"name":"story","value":"Positive Test of Submitting the order"},{"name":"suite","value":"Purchase the order from Ecommerce Website"},{"name":"testClass","value":"Positive Test of Submitting the order"},{"name":"framework","value":"cucumber4jvm"},{"name":"language","value":"java"},{"name":"gherkin_uri","value":"file:///D:/Automation%20Project%20POC/SeleniumJavaPOC/src/test/java/resources/features/SubmitOrder.feature"},{"name":"package","value":"src.test.java.resources.features.SubmitOrder_feature.Purchase the order from Ecommerce Website"},{"name":"resultFormat","value":"allure2"}],"parameters":[{"name":"confirmMessage","value":"confirmMessage_5"},{"name":"email","value":"email_5"},{"name":"password","value":"password_5"},{"name":"productName","value":"productName_5"}],"links":[],"hidden":true,"retry":true,"extra":{"categories":[],"tags":["Regression","RegressionTest"]},"source":"d03e3dde03520b4c.json","parameterValues":["confirmMessage_5","email_5","password_5","productName_5"]}