{"uid":"f3a502a22f5d46eb","name":"Error Validation","fullName":"src/test/java/resources/features/ErrorValidation.feature:13","historyId":"7748e01b36262942b9f02c48c4547f1f","time":{"start":1734087672029,"stop":1734087678510,"duration":6481},"description":"  I want to use this template for my feature file","descriptionHtml":"<p>I want to use this template for my feature file</p>\n","status":"failed","statusMessage":"expected [Incorrect email or password.] but found [Incorrect email password.]","statusTrace":"java.lang.AssertionError: expected [Incorrect email or password.] but found [Incorrect email password.]\r\n\tat org.testng.Assert.fail(Assert.java:111)\r\n\tat org.testng.Assert.failNotEquals(Assert.java:1578)\r\n\tat org.testng.Assert.assertEqualsImpl(Assert.java:150)\r\n\tat org.testng.Assert.assertEquals(Assert.java:132)\r\n\tat org.testng.Assert.assertEquals(Assert.java:656)\r\n\tat org.testng.Assert.assertEquals(Assert.java:666)\r\n\tat com.sam.selenium.stepDefinations.StepDefinitionsImpl.message_is_displayed(StepDefinitionsImpl.java:86)\r\n\tat ✽.errorMessage_3 message is displayed(file:///D:/Automation%20Project%20POC/SeleniumJavaPOC/src/test/java/resources/features/ErrorValidation.feature:9)\r\n","flaky":false,"newFailed":false,"newBroken":false,"newPassed":false,"retriesCount":11,"retriesStatusChange":true,"beforeStages":[{"name":"com.sam.selenium.stepDefinations.StepDefinitionsImpl.setUp()","time":{"start":1734087672034,"stop":1734087676468,"duration":4434},"status":"passed","steps":[],"attachments":[],"parameters":[],"attachmentStep":false,"stepsCount":0,"shouldDisplayMessage":false,"attachmentsCount":0,"hasContent":false}],"testStage":{"description":"  I want to use this template for my feature file","status":"failed","statusMessage":"expected [Incorrect email or password.] but found [Incorrect email password.]","statusTrace":"java.lang.AssertionError: expected [Incorrect email or password.] but found [Incorrect email password.]\r\n\tat org.testng.Assert.fail(Assert.java:111)\r\n\tat org.testng.Assert.failNotEquals(Assert.java:1578)\r\n\tat org.testng.Assert.assertEqualsImpl(Assert.java:150)\r\n\tat org.testng.Assert.assertEquals(Assert.java:132)\r\n\tat org.testng.Assert.assertEquals(Assert.java:656)\r\n\tat org.testng.Assert.assertEquals(Assert.java:666)\r\n\tat com.sam.selenium.stepDefinations.StepDefinitionsImpl.message_is_displayed(StepDefinitionsImpl.java:86)\r\n\tat ✽.errorMessage_3 message is displayed(file:///D:/Automation%20Project%20POC/SeleniumJavaPOC/src/test/java/resources/features/ErrorValidation.feature:9)\r\n","steps":[{"name":"Given I landed on Ecommerce Page","time":{"start":1734087676538,"stop":1734087677168,"duration":630},"status":"passed","steps":[],"attachments":[],"parameters":[],"attachmentStep":false,"stepsCount":0,"shouldDisplayMessage":false,"attachmentsCount":0,"hasContent":false},{"name":"When Logged in with username email_3 and password password_3","time":{"start":1734087677168,"stop":1734087677695,"duration":527},"status":"passed","steps":[],"attachments":[],"parameters":[],"attachmentStep":false,"stepsCount":0,"shouldDisplayMessage":false,"attachmentsCount":0,"hasContent":false},{"name":"Then errorMessage_3 message is displayed","time":{"start":1734087677695,"stop":1734087677864,"duration":169},"status":"failed","statusMessage":"expected [Incorrect email or password.] but found [Incorrect email password.]","statusTrace":"java.lang.AssertionError: expected [Incorrect email or password.] but found [Incorrect email password.]\r\n\tat org.testng.Assert.fail(Assert.java:111)\r\n\tat org.testng.Assert.failNotEquals(Assert.java:1578)\r\n\tat org.testng.Assert.assertEqualsImpl(Assert.java:150)\r\n\tat org.testng.Assert.assertEquals(Assert.java:132)\r\n\tat org.testng.Assert.assertEquals(Assert.java:656)\r\n\tat org.testng.Assert.assertEquals(Assert.java:666)\r\n\tat com.sam.selenium.stepDefinations.StepDefinitionsImpl.message_is_displayed(StepDefinitionsImpl.java:86)\r\n\tat ✽.errorMessage_3 message is displayed(file:///D:/Automation%20Project%20POC/SeleniumJavaPOC/src/test/java/resources/features/ErrorValidation.feature:9)\r\n","steps":[],"attachments":[],"parameters":[],"attachmentStep":false,"stepsCount":0,"shouldDisplayMessage":true,"attachmentsCount":0,"hasContent":true}],"attachments":[],"parameters":[],"attachmentStep":false,"stepsCount":3,"shouldDisplayMessage":false,"attachmentsCount":0,"hasContent":true},"afterStages":[{"name":"com.sam.selenium.stepDefinations.Hooks.takeScreenshotOnFailure(io.cucumber.java.Scenario)","time":{"start":1734087677864,"stop":1734087678501,"duration":637},"status":"passed","steps":[],"attachments":[{"uid":"58949558e14f2678","name":"Screenshot","source":"58949558e14f2678.png","type":"image/png","size":43478}],"parameters":[],"attachmentStep":false,"stepsCount":0,"shouldDisplayMessage":false,"attachmentsCount":1,"hasContent":true}],"labels":[{"name":"tag","value":"SmokeTest"},{"name":"tag","value":"ErrorValidation"},{"name":"host","value":"TRD-LAP-231"},{"name":"thread","value":"13212@TRD-LAP-231.main(1)"},{"name":"feature","value":"Error Validation"},{"name":"story","value":"Error Validation"},{"name":"suite","value":"Error Validation"},{"name":"testClass","value":"Error Validation"},{"name":"framework","value":"cucumber4jvm"},{"name":"language","value":"java"},{"name":"gherkin_uri","value":"file:///D:/Automation%20Project%20POC/SeleniumJavaPOC/src/test/java/resources/features/ErrorValidation.feature"},{"name":"package","value":"src.test.java.resources.features.ErrorValidation_feature.Error Validation"},{"name":"resultFormat","value":"allure2"}],"parameters":[{"name":"errorMessage","value":"errorMessage_3"},{"name":"name","value":"email_3"},{"name":"password","value":"password_3"}],"links":[],"hidden":false,"retry":false,"extra":{"severity":"normal","retries":[{"uid":"3b3e76a507c7dcb","status":"failed","statusDetails":"expected [Incorrect email or password.] but found [Incorrect email password.]","time":{"start":1734087246121,"stop":1734087252698,"duration":6577}},{"uid":"80fb4a1e6d0f0b83","status":"broken","statusDetails":"java.lang.NumberFormatException: For input string: \"<HTML><HEAD>\n<meta http-equiv=pragma content=nocache>\n<META HTTP-EQUIV=Expires CONTENT=-1>\n<SCRIPT>\nvar url = new DOMParser()\"","time":{"start":1734086930266,"stop":1734086932334,"duration":2068}},{"uid":"28c830cbc7a9f0aa","status":"failed","statusDetails":"expected [Incorrect email or password.] but found [Incorrect email password.]","time":{"start":1734081738042,"stop":1734081747401,"duration":9359}},{"uid":"1a49e6eca9b46a30","status":"failed","statusDetails":"expected [Incorrect email or password.] but found [Incorrect email password.]","time":{"start":1734081345190,"stop":1734081354414,"duration":9224}},{"uid":"24c42c2cceee3d9","status":"failed","statusDetails":"expected [Incorrect email or password.] but found [Incorrect email password.]","time":{"start":1734080835001,"stop":1734080841927,"duration":6926}},{"uid":"5111519c4096fb9d","status":"failed","statusDetails":"expected [Incorrect email or password.] but found [Incorrect email password.]","time":{"start":1734079928517,"stop":1734079939469,"duration":10952}},{"uid":"c428abfd516ee64","status":"failed","statusDetails":"expected [Incorrect email or password.] but found [Incorrect email password.]","time":{"start":1734079522194,"stop":1734079529469,"duration":7275}},{"uid":"5c9548b042c121cb","status":"failed","statusDetails":"expected [Incorrect email or password.] but found [Incorrect email password.]","time":{"start":1734078791366,"stop":1734078802838,"duration":11472}},{"uid":"d60a6bf5b6999e5b","status":"failed","statusDetails":"expected [Incorrect email or password.] but found [Incorrect email password.]","time":{"start":1734073162700,"stop":1734073172121,"duration":9421}},{"uid":"b955469350c15545","status":"failed","statusDetails":"expected [Incorrect email or password.] but found [Incorrect email password.]","time":{"start":1734003631321,"stop":1734003634669,"duration":3348}},{"uid":"660d3864ecdabef5","status":"failed","statusDetails":"expected [Incorrect email or password.] but found [Incorrect email password.]","time":{"start":1734003626993,"stop":1734003631304,"duration":4311}}],"categories":[{"name":"Product defects","matchedStatuses":[],"flaky":false}],"history":{"statistic":{"failed":6,"broken":1,"skipped":0,"passed":0,"unknown":0,"total":7},"items":[{"uid":"80ebd5f06a883d13","reportUrl":"http://localhost:8080/job/maven/8/allure/#testresult/80ebd5f06a883d13","status":"failed","statusDetails":"expected [Incorrect email or password.] but found [Incorrect email password.]","time":{"start":1734087246121,"stop":1734087252698,"duration":6577}},{"uid":"95914a71de9f5701","reportUrl":"http://localhost:8080/job/maven/7/allure/#testresult/95914a71de9f5701","status":"broken","statusDetails":"java.lang.NumberFormatException: For input string: \"<HTML><HEAD>\n<meta http-equiv=pragma content=nocache>\n<META HTTP-EQUIV=Expires CONTENT=-1>\n<SCRIPT>\nvar url = new DOMParser()\"","time":{"start":1734086930266,"stop":1734086932334,"duration":2068}},{"uid":"8043be1caea69a52","reportUrl":"http://localhost:8080/job/maven/6/allure/#testresult/8043be1caea69a52","status":"failed","statusDetails":"expected [Incorrect email or password.] but found [Incorrect email password.]","time":{"start":1734081738042,"stop":1734081747401,"duration":9359}},{"uid":"dba629a9dfbd72ea","reportUrl":"http://localhost:8080/job/maven/5/allure/#testresult/dba629a9dfbd72ea","status":"failed","statusDetails":"expected [Incorrect email or password.] but found [Incorrect email password.]","time":{"start":1734081345190,"stop":1734081354414,"duration":9224}},{"uid":"9d6839887da3077f","reportUrl":"http://localhost:8080/job/maven/4/allure/#testresult/9d6839887da3077f","status":"failed","statusDetails":"expected [Incorrect email or password.] but found [Incorrect email password.]","time":{"start":1734080835001,"stop":1734080841927,"duration":6926}},{"uid":"b5a00c80e4b61f4f","reportUrl":"http://localhost:8080/job/maven/3/allure/#testresult/b5a00c80e4b61f4f","status":"failed","statusDetails":"expected [Incorrect email or password.] but found [Incorrect email password.]","time":{"start":1734079928517,"stop":1734079939469,"duration":10952}}]},"tags":["SmokeTest","ErrorValidation"]},"source":"f3a502a22f5d46eb.json","parameterValues":["errorMessage_3","email_3","password_3"]}